2022-09-01T03:36:56.804+08:00	[32;1m stat [0m	CPU: 0m, MEMORY: Alloc=1.7Mi, TotalAlloc=1.7Mi, Sys=14.8Mi, NumGC=0	caller=stat/usage.go:61
2022-09-01T03:36:56.807+08:00	[32;1m stat [0m	(api) shedding_stat [1m], cpu: 0, total: 1, pass: 1, drop: 0	caller=load/sheddingstat.go:61
2022-09-01T03:38:28.320+08:00	[32;1m stat [0m	CPU: 0m, MEMORY: Alloc=1.7Mi, TotalAlloc=1.7Mi, Sys=14.8Mi, NumGC=0	caller=stat/usage.go:61
2022-09-01T03:38:28.322+08:00	[32;1m stat [0m	(api) shedding_stat [1m], cpu: 0, total: 1, pass: 1, drop: 0	caller=load/sheddingstat.go:61
2022-09-01T03:38:37.436+08:00	[32;1m stat [0m	(userCenter-api) - qps: 0.0/s, drops: 0, avg time: 0.0ms, med: 0.5ms, 90th: 0.5ms, 99th: 0.5ms, 99.9th: 0.5ms	caller=stat/metrics.go:210
2022-09-01T03:40:19.816+08:00	[32;1m stat [0m	CPU: 0m, MEMORY: Alloc=1.7Mi, TotalAlloc=1.7Mi, Sys=14.5Mi, NumGC=0	caller=stat/usage.go:61
2022-09-01T03:40:19.817+08:00	[32;1m stat [0m	(api) shedding_stat [1m], cpu: 0, total: 1, pass: 1, drop: 0	caller=load/sheddingstat.go:61
2022-09-01T03:40:35.070+08:00	[32;1m stat [0m	(userCenter-api) - qps: 0.0/s, drops: 0, avg time: 0.0ms, med: 0.2ms, 90th: 0.2ms, 99th: 0.2ms, 99.9th: 0.2ms	caller=stat/metrics.go:210
2022-09-01T03:41:19.811+08:00	[32;1m stat [0m	CPU: 0m, MEMORY: Alloc=1.7Mi, TotalAlloc=1.7Mi, Sys=14.5Mi, NumGC=0	caller=stat/usage.go:61
2022-09-01T03:41:19.813+08:00	[32;1m stat [0m	(api) shedding_stat [1m], cpu: 0, total: 0, pass: 0, drop: 0	caller=load/sheddingstat.go:61
2022-09-01T03:41:35.067+08:00	[32;1m stat [0m	(userCenter-api) - qps: 0.0/s, drops: 0, avg time: 0.0ms, med: 0.0ms, 90th: 0.0ms, 99th: 0.0ms, 99.9th: 0.0ms	caller=stat/metrics.go:210
2022-09-01T03:42:19.809+08:00	[32;1m stat [0m	CPU: 0m, MEMORY: Alloc=1.7Mi, TotalAlloc=1.7Mi, Sys=14.5Mi, NumGC=0	caller=stat/usage.go:61
2022-09-01T03:42:19.810+08:00	[32;1m stat [0m	(api) shedding_stat [1m], cpu: 0, total: 0, pass: 0, drop: 0	caller=load/sheddingstat.go:61
2022-09-01T03:42:35.064+08:00	[32;1m stat [0m	(userCenter-api) - qps: 0.0/s, drops: 0, avg time: 0.0ms, med: 0.0ms, 90th: 0.0ms, 99th: 0.0ms, 99.9th: 0.0ms	caller=stat/metrics.go:210
2022-09-01T03:43:19.806+08:00	[32;1m stat [0m	CPU: 0m, MEMORY: Alloc=1.7Mi, TotalAlloc=1.7Mi, Sys=14.5Mi, NumGC=0	caller=stat/usage.go:61
2022-09-01T03:43:19.808+08:00	[32;1m stat [0m	(api) shedding_stat [1m], cpu: 0, total: 0, pass: 0, drop: 0	caller=load/sheddingstat.go:61
2022-09-01T03:43:35.061+08:00	[32;1m stat [0m	(userCenter-api) - qps: 0.0/s, drops: 0, avg time: 0.0ms, med: 0.0ms, 90th: 0.0ms, 99th: 0.0ms, 99.9th: 0.0ms	caller=stat/metrics.go:210
2022-09-01T03:45:01.730+08:00	[32;1m stat [0m	CPU: 0m, MEMORY: Alloc=1.7Mi, TotalAlloc=1.7Mi, Sys=14.5Mi, NumGC=0	caller=stat/usage.go:61
2022-09-01T03:45:01.732+08:00	[32;1m stat [0m	(api) shedding_stat [1m], cpu: 0, total: 1, pass: 1, drop: 0	caller=load/sheddingstat.go:61
2022-09-01T03:45:06.687+08:00	[32;1m stat [0m	(userCenter-api) - qps: 0.0/s, drops: 0, avg time: 0.0ms, med: 0.2ms, 90th: 0.2ms, 99th: 0.2ms, 99.9th: 0.2ms	caller=stat/metrics.go:210
2022-09-01T03:46:01.726+08:00	[32;1m stat [0m	CPU: 0m, MEMORY: Alloc=1.7Mi, TotalAlloc=1.7Mi, Sys=14.5Mi, NumGC=0	caller=stat/usage.go:61
2022-09-01T03:46:01.729+08:00	[32;1m stat [0m	(api) shedding_stat [1m], cpu: 0, total: 0, pass: 0, drop: 0	caller=load/sheddingstat.go:61
2022-09-01T03:46:06.684+08:00	[32;1m stat [0m	(userCenter-api) - qps: 0.0/s, drops: 0, avg time: 0.0ms, med: 0.0ms, 90th: 0.0ms, 99th: 0.0ms, 99.9th: 0.0ms	caller=stat/metrics.go:210
2022-09-01T03:47:01.723+08:00	[32;1m stat [0m	CPU: 0m, MEMORY: Alloc=1.8Mi, TotalAlloc=1.8Mi, Sys=14.5Mi, NumGC=0	caller=stat/usage.go:61
2022-09-01T03:47:01.726+08:00	[32;1m stat [0m	(api) shedding_stat [1m], cpu: 0, total: 1, pass: 1, drop: 0	caller=load/sheddingstat.go:61
2022-09-01T03:47:06.682+08:00	[32;1m stat [0m	(userCenter-api) - qps: 0.0/s, drops: 0, avg time: 0.0ms, med: 0.2ms, 90th: 0.2ms, 99th: 0.2ms, 99.9th: 0.2ms	caller=stat/metrics.go:210
2022-09-01T03:48:01.721+08:00	[32;1m stat [0m	CPU: 0m, MEMORY: Alloc=1.8Mi, TotalAlloc=1.8Mi, Sys=14.5Mi, NumGC=0	caller=stat/usage.go:61
2022-09-01T03:48:01.723+08:00	[32;1m stat [0m	(api) shedding_stat [1m], cpu: 0, total: 0, pass: 0, drop: 0	caller=load/sheddingstat.go:61
2022-09-01T03:48:06.679+08:00	[32;1m stat [0m	(userCenter-api) - qps: 0.0/s, drops: 0, avg time: 0.0ms, med: 0.2ms, 90th: 0.2ms, 99th: 0.2ms, 99.9th: 0.2ms	caller=stat/metrics.go:210
2022-09-01T03:49:01.718+08:00	[32;1m stat [0m	CPU: 0m, MEMORY: Alloc=1.8Mi, TotalAlloc=1.8Mi, Sys=14.5Mi, NumGC=0	caller=stat/usage.go:61
2022-09-01T03:49:01.721+08:00	[32;1m stat [0m	(api) shedding_stat [1m], cpu: 0, total: 1, pass: 1, drop: 0	caller=load/sheddingstat.go:61
2022-09-01T03:49:06.676+08:00	[32;1m stat [0m	(userCenter-api) - qps: 0.0/s, drops: 0, avg time: 0.0ms, med: 0.0ms, 90th: 0.0ms, 99th: 0.0ms, 99.9th: 0.0ms	caller=stat/metrics.go:210
2022-09-01T03:50:01.715+08:00	[32;1m stat [0m	CPU: 0m, MEMORY: Alloc=1.8Mi, TotalAlloc=1.8Mi, Sys=14.5Mi, NumGC=0	caller=stat/usage.go:61
2022-09-01T03:50:01.718+08:00	[32;1m stat [0m	(api) shedding_stat [1m], cpu: 0, total: 0, pass: 0, drop: 0	caller=load/sheddingstat.go:61
2022-09-01T03:50:06.672+08:00	[32;1m stat [0m	(userCenter-api) - qps: 0.0/s, drops: 0, avg time: 0.0ms, med: 0.0ms, 90th: 0.0ms, 99th: 0.0ms, 99.9th: 0.0ms	caller=stat/metrics.go:210
2022-09-01T03:51:01.711+08:00	[32;1m stat [0m	CPU: 0m, MEMORY: Alloc=1.8Mi, TotalAlloc=1.8Mi, Sys=14.5Mi, NumGC=0	caller=stat/usage.go:61
2022-09-01T03:51:01.715+08:00	[32;1m stat [0m	(api) shedding_stat [1m], cpu: 0, total: 0, pass: 0, drop: 0	caller=load/sheddingstat.go:61
2022-09-01T03:51:06.671+08:00	[32;1m stat [0m	(userCenter-api) - qps: 0.0/s, drops: 0, avg time: 0.0ms, med: 0.0ms, 90th: 0.0ms, 99th: 0.0ms, 99.9th: 0.0ms	caller=stat/metrics.go:210
2022-09-01T03:52:34.636+08:00	[32;1m stat [0m	CPU: 0m, MEMORY: Alloc=1.7Mi, TotalAlloc=1.7Mi, Sys=14.5Mi, NumGC=0	caller=stat/usage.go:61
2022-09-01T03:52:34.640+08:00	[32;1m stat [0m	(api) shedding_stat [1m], cpu: 0, total: 1, pass: 1, drop: 0	caller=load/sheddingstat.go:61
2022-09-01T03:52:38.948+08:00	[32;1m stat [0m	(userCenter-api) - qps: 0.0/s, drops: 0, avg time: 0.0ms, med: 0.4ms, 90th: 0.4ms, 99th: 0.4ms, 99.9th: 0.4ms	caller=stat/metrics.go:210
2022-09-01T03:53:34.634+08:00	[32;1m stat [0m	CPU: 0m, MEMORY: Alloc=1.7Mi, TotalAlloc=1.7Mi, Sys=14.5Mi, NumGC=0	caller=stat/usage.go:61
2022-09-01T03:53:34.637+08:00	[32;1m stat [0m	(api) shedding_stat [1m], cpu: 0, total: 0, pass: 0, drop: 0	caller=load/sheddingstat.go:61
2022-09-01T03:53:38.945+08:00	[32;1m stat [0m	(userCenter-api) - qps: 0.0/s, drops: 0, avg time: 0.0ms, med: 0.0ms, 90th: 0.0ms, 99th: 0.0ms, 99.9th: 0.0ms	caller=stat/metrics.go:210
2022-09-01T03:54:34.716+08:00	[32;1m stat [0m	CPU: 0m, MEMORY: Alloc=1.7Mi, TotalAlloc=1.7Mi, Sys=14.5Mi, NumGC=0	caller=stat/usage.go:61
2022-09-01T03:54:34.719+08:00	[32;1m stat [0m	(api) shedding_stat [1m], cpu: 0, total: 0, pass: 0, drop: 0	caller=load/sheddingstat.go:61
2022-09-01T03:54:39.027+08:00	[32;1m stat [0m	(userCenter-api) - qps: 0.0/s, drops: 0, avg time: 0.0ms, med: 0.0ms, 90th: 0.0ms, 99th: 0.0ms, 99.9th: 0.0ms	caller=stat/metrics.go:210
2022-09-01T03:55:34.714+08:00	[32;1m stat [0m	CPU: 0m, MEMORY: Alloc=1.7Mi, TotalAlloc=1.7Mi, Sys=14.5Mi, NumGC=0	caller=stat/usage.go:61
2022-09-01T03:55:34.717+08:00	[32;1m stat [0m	(api) shedding_stat [1m], cpu: 0, total: 0, pass: 0, drop: 0	caller=load/sheddingstat.go:61
2022-09-01T03:55:39.025+08:00	[32;1m stat [0m	(userCenter-api) - qps: 0.0/s, drops: 0, avg time: 0.0ms, med: 0.0ms, 90th: 0.0ms, 99th: 0.0ms, 99.9th: 0.0ms	caller=stat/metrics.go:210
2022-09-01T03:56:34.712+08:00	[32;1m stat [0m	CPU: 0m, MEMORY: Alloc=1.7Mi, TotalAlloc=1.7Mi, Sys=14.5Mi, NumGC=0	caller=stat/usage.go:61
2022-09-01T03:56:34.715+08:00	[32;1m stat [0m	(api) shedding_stat [1m], cpu: 0, total: 0, pass: 0, drop: 0	caller=load/sheddingstat.go:61
2022-09-01T03:56:39.023+08:00	[32;1m stat [0m	(userCenter-api) - qps: 0.0/s, drops: 0, avg time: 0.0ms, med: 0.0ms, 90th: 0.0ms, 99th: 0.0ms, 99.9th: 0.0ms	caller=stat/metrics.go:210
2022-09-01T03:57:34.710+08:00	[32;1m stat [0m	CPU: 0m, MEMORY: Alloc=1.7Mi, TotalAlloc=1.7Mi, Sys=14.5Mi, NumGC=0	caller=stat/usage.go:61
2022-09-01T03:57:34.713+08:00	[32;1m stat [0m	(api) shedding_stat [1m], cpu: 0, total: 0, pass: 0, drop: 0	caller=load/sheddingstat.go:61
2022-09-01T03:57:39.021+08:00	[32;1m stat [0m	(userCenter-api) - qps: 0.0/s, drops: 0, avg time: 0.0ms, med: 0.0ms, 90th: 0.0ms, 99th: 0.0ms, 99.9th: 0.0ms	caller=stat/metrics.go:210
2022-09-01T03:58:34.708+08:00	[32;1m stat [0m	CPU: 0m, MEMORY: Alloc=1.7Mi, TotalAlloc=1.7Mi, Sys=14.5Mi, NumGC=0	caller=stat/usage.go:61
2022-09-01T03:58:34.711+08:00	[32;1m stat [0m	(api) shedding_stat [1m], cpu: 0, total: 0, pass: 0, drop: 0	caller=load/sheddingstat.go:61
2022-09-01T03:58:39.019+08:00	[32;1m stat [0m	(userCenter-api) - qps: 0.0/s, drops: 0, avg time: 0.0ms, med: 0.0ms, 90th: 0.0ms, 99th: 0.0ms, 99.9th: 0.0ms	caller=stat/metrics.go:210
2022-09-01T03:59:34.706+08:00	[32;1m stat [0m	CPU: 0m, MEMORY: Alloc=1.7Mi, TotalAlloc=1.7Mi, Sys=14.5Mi, NumGC=0	caller=stat/usage.go:61
2022-09-01T03:59:34.709+08:00	[32;1m stat [0m	(api) shedding_stat [1m], cpu: 0, total: 0, pass: 0, drop: 0	caller=load/sheddingstat.go:61
2022-09-01T03:59:39.017+08:00	[32;1m stat [0m	(userCenter-api) - qps: 0.0/s, drops: 0, avg time: 0.0ms, med: 0.0ms, 90th: 0.0ms, 99th: 0.0ms, 99.9th: 0.0ms	caller=stat/metrics.go:210
2022-09-01T04:00:34.704+08:00	[32;1m stat [0m	CPU: 0m, MEMORY: Alloc=1.7Mi, TotalAlloc=1.7Mi, Sys=14.5Mi, NumGC=0	caller=stat/usage.go:61
2022-09-01T04:00:34.707+08:00	[32;1m stat [0m	(api) shedding_stat [1m], cpu: 0, total: 0, pass: 0, drop: 0	caller=load/sheddingstat.go:61
2022-09-01T04:00:39.015+08:00	[32;1m stat [0m	(userCenter-api) - qps: 0.0/s, drops: 0, avg time: 0.0ms, med: 0.0ms, 90th: 0.0ms, 99th: 0.0ms, 99.9th: 0.0ms	caller=stat/metrics.go:210
2022-09-01T04:01:34.702+08:00	[32;1m stat [0m	CPU: 0m, MEMORY: Alloc=1.7Mi, TotalAlloc=1.7Mi, Sys=14.5Mi, NumGC=0	caller=stat/usage.go:61
2022-09-01T04:01:34.705+08:00	[32;1m stat [0m	(api) shedding_stat [1m], cpu: 0, total: 0, pass: 0, drop: 0	caller=load/sheddingstat.go:61
2022-09-01T04:01:39.013+08:00	[32;1m stat [0m	(userCenter-api) - qps: 0.0/s, drops: 0, avg time: 0.0ms, med: 0.0ms, 90th: 0.0ms, 99th: 0.0ms, 99.9th: 0.0ms	caller=stat/metrics.go:210
2022-09-01T04:03:17.009+08:00	[32;1m stat [0m	CPU: 0m, MEMORY: Alloc=1.7Mi, TotalAlloc=1.7Mi, Sys=14.5Mi, NumGC=0	caller=stat/usage.go:61
2022-09-01T04:03:17.010+08:00	[32;1m stat [0m	(api) shedding_stat [1m], cpu: 0, total: 1, pass: 1, drop: 0	caller=load/sheddingstat.go:61
2022-09-01T04:03:20.590+08:00	[32;1m stat [0m	(userCenter-api) - qps: 0.0/s, drops: 0, avg time: 0.0ms, med: 0.4ms, 90th: 0.4ms, 99th: 0.4ms, 99.9th: 0.4ms	caller=stat/metrics.go:210
2022-09-01T04:06:39.254+08:00	[32;1m stat [0m	CPU: 0m, MEMORY: Alloc=1.7Mi, TotalAlloc=1.7Mi, Sys=14.8Mi, NumGC=0	caller=stat/usage.go:61
2022-09-01T04:06:39.257+08:00	[32;1m stat [0m	(api) shedding_stat [1m], cpu: 0, total: 1, pass: 1, drop: 0	caller=load/sheddingstat.go:61
2022-09-01T04:06:41.421+08:00	[32;1m stat [0m	(userCenter-api) - qps: 0.0/s, drops: 0, avg time: 0.0ms, med: 0.4ms, 90th: 0.4ms, 99th: 0.4ms, 99.9th: 0.4ms	caller=stat/metrics.go:210
2022-09-01T04:07:39.252+08:00	[32;1m stat [0m	CPU: 0m, MEMORY: Alloc=1.7Mi, TotalAlloc=1.7Mi, Sys=14.8Mi, NumGC=0	caller=stat/usage.go:61
2022-09-01T04:07:39.254+08:00	[32;1m stat [0m	(api) shedding_stat [1m], cpu: 0, total: 0, pass: 0, drop: 0	caller=load/sheddingstat.go:61
2022-09-01T04:07:41.419+08:00	[32;1m stat [0m	(userCenter-api) - qps: 0.0/s, drops: 0, avg time: 0.0ms, med: 0.0ms, 90th: 0.0ms, 99th: 0.0ms, 99.9th: 0.0ms	caller=stat/metrics.go:210
2022-09-01T04:08:39.250+08:00	[32;1m stat [0m	CPU: 0m, MEMORY: Alloc=1.7Mi, TotalAlloc=1.7Mi, Sys=14.8Mi, NumGC=0	caller=stat/usage.go:61
2022-09-01T04:08:39.252+08:00	[32;1m stat [0m	(api) shedding_stat [1m], cpu: 0, total: 0, pass: 0, drop: 0	caller=load/sheddingstat.go:61
2022-09-01T04:08:41.417+08:00	[32;1m stat [0m	(userCenter-api) - qps: 0.0/s, drops: 0, avg time: 0.0ms, med: 0.0ms, 90th: 0.0ms, 99th: 0.0ms, 99.9th: 0.0ms	caller=stat/metrics.go:210
2022-09-01T04:09:39.248+08:00	[32;1m stat [0m	CPU: 0m, MEMORY: Alloc=1.7Mi, TotalAlloc=1.7Mi, Sys=14.8Mi, NumGC=0	caller=stat/usage.go:61
2022-09-01T04:09:39.250+08:00	[32;1m stat [0m	(api) shedding_stat [1m], cpu: 0, total: 0, pass: 0, drop: 0	caller=load/sheddingstat.go:61
2022-09-01T04:09:41.415+08:00	[32;1m stat [0m	(userCenter-api) - qps: 0.0/s, drops: 0, avg time: 0.0ms, med: 0.0ms, 90th: 0.0ms, 99th: 0.0ms, 99.9th: 0.0ms	caller=stat/metrics.go:210
2022-09-01T22:38:53.932+08:00	[32;1m stat [0m	CPU: 0m, MEMORY: Alloc=2.6Mi, TotalAlloc=4.0Mi, Sys=14.9Mi, NumGC=1	caller=stat/usage.go:61
2022-09-01T22:38:53.940+08:00	[32;1m stat [0m	(api) shedding_stat [1m], cpu: 0, total: 1, pass: 1, drop: 0	caller=load/sheddingstat.go:61
2022-09-01T22:39:02.252+08:00	[32;1m stat [0m	(userCenter-api) - qps: 0.0/s, drops: 0, avg time: 0.0ms, med: 0.7ms, 90th: 0.7ms, 99th: 0.7ms, 99.9th: 0.7ms	caller=stat/metrics.go:210
2022-09-01T22:40:14.162+08:00	[32;1m stat [0m	CPU: 0m, MEMORY: Alloc=2.4Mi, TotalAlloc=4.0Mi, Sys=15.1Mi, NumGC=1	caller=stat/usage.go:61
2022-09-01T22:40:14.173+08:00	[32;1m stat [0m	(api) shedding_stat [1m], cpu: 0, total: 1, pass: 1, drop: 0	caller=load/sheddingstat.go:61
2022-09-01T22:40:25.786+08:00	[32;1m stat [0m	(userCenter-api) - qps: 0.0/s, drops: 0, avg time: 0.0ms, med: 0.6ms, 90th: 0.6ms, 99th: 0.6ms, 99.9th: 0.6ms	caller=stat/metrics.go:210
2022-09-01T22:41:14.161+08:00	[32;1m stat [0m	CPU: 0m, MEMORY: Alloc=2.5Mi, TotalAlloc=4.0Mi, Sys=15.1Mi, NumGC=1	caller=stat/usage.go:61
2022-09-01T22:41:14.171+08:00	[32;1m stat [0m	(api) shedding_stat [1m], cpu: 0, total: 0, pass: 0, drop: 0	caller=load/sheddingstat.go:61
2022-09-01T22:41:25.784+08:00	[32;1m stat [0m	(userCenter-api) - qps: 0.0/s, drops: 0, avg time: 0.0ms, med: 0.0ms, 90th: 0.0ms, 99th: 0.0ms, 99.9th: 0.0ms	caller=stat/metrics.go:210
2022-09-01T22:42:14.158+08:00	[32;1m stat [0m	CPU: 0m, MEMORY: Alloc=1.7Mi, TotalAlloc=4.0Mi, Sys=15.9Mi, NumGC=2	caller=stat/usage.go:61
2022-09-01T22:42:14.169+08:00	[32;1m stat [0m	(api) shedding_stat [1m], cpu: 0, total: 0, pass: 0, drop: 0	caller=load/sheddingstat.go:61
2022-09-01T22:42:25.783+08:00	[32;1m stat [0m	(userCenter-api) - qps: 0.0/s, drops: 0, avg time: 0.0ms, med: 0.0ms, 90th: 0.0ms, 99th: 0.0ms, 99.9th: 0.0ms	caller=stat/metrics.go:210
2022-09-01T22:43:14.157+08:00	[32;1m stat [0m	CPU: 0m, MEMORY: Alloc=1.7Mi, TotalAlloc=4.0Mi, Sys=15.9Mi, NumGC=2	caller=stat/usage.go:61
2022-09-01T22:43:14.168+08:00	[32;1m stat [0m	(api) shedding_stat [1m], cpu: 0, total: 0, pass: 0, drop: 0	caller=load/sheddingstat.go:61
2022-09-01T22:43:25.782+08:00	[32;1m stat [0m	(userCenter-api) - qps: 0.0/s, drops: 0, avg time: 0.0ms, med: 0.0ms, 90th: 0.0ms, 99th: 0.0ms, 99.9th: 0.0ms	caller=stat/metrics.go:210
2022-09-01T22:44:14.156+08:00	[32;1m stat [0m	CPU: 0m, MEMORY: Alloc=1.6Mi, TotalAlloc=4.0Mi, Sys=15.9Mi, NumGC=3	caller=stat/usage.go:61
2022-09-01T22:44:14.167+08:00	[32;1m stat [0m	(api) shedding_stat [1m], cpu: 0, total: 0, pass: 0, drop: 0	caller=load/sheddingstat.go:61
2022-09-01T22:44:25.780+08:00	[32;1m stat [0m	(userCenter-api) - qps: 0.0/s, drops: 0, avg time: 0.0ms, med: 0.0ms, 90th: 0.0ms, 99th: 0.0ms, 99.9th: 0.0ms	caller=stat/metrics.go:210
2022-09-01T22:45:14.154+08:00	[32;1m stat [0m	CPU: 0m, MEMORY: Alloc=1.6Mi, TotalAlloc=4.0Mi, Sys=15.9Mi, NumGC=3	caller=stat/usage.go:61
2022-09-01T22:45:14.165+08:00	[32;1m stat [0m	(api) shedding_stat [1m], cpu: 0, total: 0, pass: 0, drop: 0	caller=load/sheddingstat.go:61
2022-09-01T22:45:25.780+08:00	[32;1m stat [0m	(userCenter-api) - qps: 0.0/s, drops: 0, avg time: 0.0ms, med: 0.0ms, 90th: 0.0ms, 99th: 0.0ms, 99.9th: 0.0ms	caller=stat/metrics.go:210
2022-09-01T22:46:14.122+08:00	[32;1m stat [0m	CPU: 0m, MEMORY: Alloc=1.6Mi, TotalAlloc=4.0Mi, Sys=15.9Mi, NumGC=4	caller=stat/usage.go:61
2022-09-01T22:46:14.133+08:00	[32;1m stat [0m	(api) shedding_stat [1m], cpu: 0, total: 0, pass: 0, drop: 0	caller=load/sheddingstat.go:61
2022-09-01T22:46:25.744+08:00	[32;1m stat [0m	(userCenter-api) - qps: 0.0/s, drops: 0, avg time: 0.0ms, med: 0.0ms, 90th: 0.0ms, 99th: 0.0ms, 99.9th: 0.0ms	caller=stat/metrics.go:210
2022-09-01T22:47:14.117+08:00	[32;1m stat [0m	CPU: 0m, MEMORY: Alloc=1.6Mi, TotalAlloc=4.0Mi, Sys=15.9Mi, NumGC=4	caller=stat/usage.go:61
2022-09-01T22:47:14.128+08:00	[32;1m stat [0m	(api) shedding_stat [1m], cpu: 0, total: 0, pass: 0, drop: 0	caller=load/sheddingstat.go:61
2022-09-01T22:47:25.741+08:00	[32;1m stat [0m	(userCenter-api) - qps: 0.0/s, drops: 0, avg time: 0.0ms, med: 0.0ms, 90th: 0.0ms, 99th: 0.0ms, 99.9th: 0.0ms	caller=stat/metrics.go:210
2022-09-01T22:48:14.115+08:00	[32;1m stat [0m	CPU: 0m, MEMORY: Alloc=1.6Mi, TotalAlloc=4.0Mi, Sys=15.9Mi, NumGC=5	caller=stat/usage.go:61
2022-09-01T22:48:14.126+08:00	[32;1m stat [0m	(api) shedding_stat [1m], cpu: 0, total: 0, pass: 0, drop: 0	caller=load/sheddingstat.go:61
2022-09-01T22:48:25.739+08:00	[32;1m stat [0m	(userCenter-api) - qps: 0.0/s, drops: 0, avg time: 0.0ms, med: 0.0ms, 90th: 0.0ms, 99th: 0.0ms, 99.9th: 0.0ms	caller=stat/metrics.go:210
2022-09-01T22:49:48.485+08:00	[32;1m stat [0m	CPU: 0m, MEMORY: Alloc=2.5Mi, TotalAlloc=4.0Mi, Sys=15.6Mi, NumGC=1	caller=stat/usage.go:61
2022-09-01T22:49:48.494+08:00	[32;1m stat [0m	(api) shedding_stat [1m], cpu: 0, total: 1, pass: 1, drop: 0	caller=load/sheddingstat.go:61
2022-09-01T22:49:52.883+08:00	[32;1m stat [0m	(userCenter-api) - qps: 0.0/s, drops: 0, avg time: 0.0ms, med: 0.8ms, 90th: 0.8ms, 99th: 0.8ms, 99.9th: 0.8ms	caller=stat/metrics.go:210
2022-09-01T22:51:17.779+08:00	[32;1m stat [0m	CPU: 0m, MEMORY: Alloc=2.5Mi, TotalAlloc=4.0Mi, Sys=15.1Mi, NumGC=1	caller=stat/usage.go:61
2022-09-01T22:51:17.787+08:00	[32;1m stat [0m	(api) shedding_stat [1m], cpu: 0, total: 1, pass: 1, drop: 0	caller=load/sheddingstat.go:61
2022-09-01T22:51:20.645+08:00	[32;1m stat [0m	(userCenter-api) - qps: 0.0/s, drops: 0, avg time: 0.0ms, med: 0.7ms, 90th: 0.7ms, 99th: 0.7ms, 99.9th: 0.7ms	caller=stat/metrics.go:210
2022-09-01T22:52:17.777+08:00	[32;1m stat [0m	CPU: 0m, MEMORY: Alloc=2.5Mi, TotalAlloc=4.0Mi, Sys=15.1Mi, NumGC=1	caller=stat/usage.go:61
2022-09-01T22:52:17.786+08:00	[32;1m stat [0m	(api) shedding_stat [1m], cpu: 0, total: 0, pass: 0, drop: 0	caller=load/sheddingstat.go:61
2022-09-01T22:52:20.643+08:00	[32;1m stat [0m	(userCenter-api) - qps: 0.0/s, drops: 0, avg time: 0.0ms, med: 0.0ms, 90th: 0.0ms, 99th: 0.0ms, 99.9th: 0.0ms	caller=stat/metrics.go:210
2022-09-01T22:53:17.776+08:00	[32;1m stat [0m	CPU: 0m, MEMORY: Alloc=1.7Mi, TotalAlloc=4.0Mi, Sys=15.6Mi, NumGC=2	caller=stat/usage.go:61
2022-09-01T22:53:17.783+08:00	[32;1m stat [0m	(api) shedding_stat [1m], cpu: 0, total: 0, pass: 0, drop: 0	caller=load/sheddingstat.go:61
2022-09-01T22:53:20.641+08:00	[32;1m stat [0m	(userCenter-api) - qps: 0.0/s, drops: 0, avg time: 0.0ms, med: 0.0ms, 90th: 0.0ms, 99th: 0.0ms, 99.9th: 0.0ms	caller=stat/metrics.go:210
2022-09-01T22:54:17.772+08:00	[32;1m stat [0m	CPU: 0m, MEMORY: Alloc=1.7Mi, TotalAlloc=4.0Mi, Sys=15.6Mi, NumGC=2	caller=stat/usage.go:61
2022-09-01T22:54:17.781+08:00	[32;1m stat [0m	(api) shedding_stat [1m], cpu: 0, total: 0, pass: 0, drop: 0	caller=load/sheddingstat.go:61
2022-09-01T22:54:20.638+08:00	[32;1m stat [0m	(userCenter-api) - qps: 0.0/s, drops: 0, avg time: 0.0ms, med: 0.0ms, 90th: 0.0ms, 99th: 0.0ms, 99.9th: 0.0ms	caller=stat/metrics.go:210
2022-09-01T22:55:17.771+08:00	[32;1m stat [0m	CPU: 0m, MEMORY: Alloc=1.6Mi, TotalAlloc=4.0Mi, Sys=15.6Mi, NumGC=3	caller=stat/usage.go:61
2022-09-01T22:55:17.780+08:00	[32;1m stat [0m	(api) shedding_stat [1m], cpu: 0, total: 0, pass: 0, drop: 0	caller=load/sheddingstat.go:61
2022-09-01T22:55:20.636+08:00	[32;1m stat [0m	(userCenter-api) - qps: 0.0/s, drops: 0, avg time: 0.0ms, med: 0.0ms, 90th: 0.0ms, 99th: 0.0ms, 99.9th: 0.0ms	caller=stat/metrics.go:210
2022-09-01T22:56:17.769+08:00	[32;1m stat [0m	CPU: 0m, MEMORY: Alloc=1.6Mi, TotalAlloc=4.0Mi, Sys=15.6Mi, NumGC=3	caller=stat/usage.go:61
2022-09-01T22:56:17.777+08:00	[32;1m stat [0m	(api) shedding_stat [1m], cpu: 0, total: 0, pass: 0, drop: 0	caller=load/sheddingstat.go:61
2022-09-01T22:56:20.635+08:00	[32;1m stat [0m	(userCenter-api) - qps: 0.0/s, drops: 0, avg time: 0.0ms, med: 0.0ms, 90th: 0.0ms, 99th: 0.0ms, 99.9th: 0.0ms	caller=stat/metrics.go:210
2022-09-01T22:57:17.767+08:00	[32;1m stat [0m	CPU: 0m, MEMORY: Alloc=1.6Mi, TotalAlloc=4.0Mi, Sys=15.6Mi, NumGC=4	caller=stat/usage.go:61
2022-09-01T22:57:17.776+08:00	[32;1m stat [0m	(api) shedding_stat [1m], cpu: 0, total: 0, pass: 0, drop: 0	caller=load/sheddingstat.go:61
2022-09-01T22:57:20.633+08:00	[32;1m stat [0m	(userCenter-api) - qps: 0.0/s, drops: 0, avg time: 0.0ms, med: 0.0ms, 90th: 0.0ms, 99th: 0.0ms, 99.9th: 0.0ms	caller=stat/metrics.go:210
2022-09-01T22:58:17.765+08:00	[32;1m stat [0m	CPU: 0m, MEMORY: Alloc=1.6Mi, TotalAlloc=4.0Mi, Sys=15.6Mi, NumGC=4	caller=stat/usage.go:61
2022-09-01T22:58:17.773+08:00	[32;1m stat [0m	(api) shedding_stat [1m], cpu: 0, total: 0, pass: 0, drop: 0	caller=load/sheddingstat.go:61
2022-09-01T22:58:20.631+08:00	[32;1m stat [0m	(userCenter-api) - qps: 0.0/s, drops: 0, avg time: 0.0ms, med: 0.0ms, 90th: 0.0ms, 99th: 0.0ms, 99.9th: 0.0ms	caller=stat/metrics.go:210
2022-09-01T22:59:17.764+08:00	[32;1m stat [0m	CPU: 0m, MEMORY: Alloc=1.6Mi, TotalAlloc=4.0Mi, Sys=15.6Mi, NumGC=5	caller=stat/usage.go:61
2022-09-01T22:59:17.772+08:00	[32;1m stat [0m	(api) shedding_stat [1m], cpu: 0, total: 0, pass: 0, drop: 0	caller=load/sheddingstat.go:61
2022-09-01T22:59:20.630+08:00	[32;1m stat [0m	(userCenter-api) - qps: 0.0/s, drops: 0, avg time: 0.0ms, med: 0.0ms, 90th: 0.0ms, 99th: 0.0ms, 99.9th: 0.0ms	caller=stat/metrics.go:210
2022-09-01T23:00:17.762+08:00	[32;1m stat [0m	CPU: 0m, MEMORY: Alloc=1.6Mi, TotalAlloc=4.0Mi, Sys=15.6Mi, NumGC=5	caller=stat/usage.go:61
2022-09-01T23:00:17.770+08:00	[32;1m stat [0m	(api) shedding_stat [1m], cpu: 0, total: 0, pass: 0, drop: 0	caller=load/sheddingstat.go:61
2022-09-01T23:00:20.628+08:00	[32;1m stat [0m	(userCenter-api) - qps: 0.0/s, drops: 0, avg time: 0.0ms, med: 0.0ms, 90th: 0.0ms, 99th: 0.0ms, 99.9th: 0.0ms	caller=stat/metrics.go:210
2022-09-01T23:21:08.312+08:00	[32;1m stat [0m	CPU: 0m, MEMORY: Alloc=2.6Mi, TotalAlloc=4.0Mi, Sys=15.3Mi, NumGC=1	caller=stat/usage.go:61
2022-09-01T23:21:08.319+08:00	[32;1m stat [0m	(api) shedding_stat [1m], cpu: 0, total: 1, pass: 1, drop: 0	caller=load/sheddingstat.go:61
2022-09-01T23:21:11.217+08:00	[32;1m stat [0m	(userCenter-api) - qps: 0.0/s, drops: 0, avg time: 1.0ms, med: 1.0ms, 90th: 1.0ms, 99th: 1.0ms, 99.9th: 1.0ms	caller=stat/metrics.go:210
2022-09-01T23:22:34.373+08:00	[32;1m stat [0m	CPU: 0m, MEMORY: Alloc=2.5Mi, TotalAlloc=4.0Mi, Sys=15.1Mi, NumGC=1	caller=stat/usage.go:61
2022-09-01T23:22:34.380+08:00	[32;1m stat [0m	(api) shedding_stat [1m], cpu: 0, total: 1, pass: 1, drop: 0	caller=load/sheddingstat.go:61
2022-09-01T23:22:36.502+08:00	[32;1m stat [0m	(userCenter-api) - qps: 0.0/s, drops: 0, avg time: 0.0ms, med: 0.8ms, 90th: 0.8ms, 99th: 0.8ms, 99.9th: 0.8ms	caller=stat/metrics.go:210
2022-09-01T23:23:34.369+08:00	[32;1m stat [0m	CPU: 0m, MEMORY: Alloc=2.5Mi, TotalAlloc=4.0Mi, Sys=15.1Mi, NumGC=1	caller=stat/usage.go:61
2022-09-01T23:23:34.377+08:00	[32;1m stat [0m	(api) shedding_stat [1m], cpu: 0, total: 0, pass: 0, drop: 0	caller=load/sheddingstat.go:61
2022-09-01T23:23:36.498+08:00	[32;1m stat [0m	(userCenter-api) - qps: 0.0/s, drops: 0, avg time: 0.0ms, med: 0.0ms, 90th: 0.0ms, 99th: 0.0ms, 99.9th: 0.0ms	caller=stat/metrics.go:210
2022-09-01T23:24:34.365+08:00	[32;1m stat [0m	CPU: 0m, MEMORY: Alloc=1.7Mi, TotalAlloc=4.0Mi, Sys=15.9Mi, NumGC=2	caller=stat/usage.go:61
2022-09-01T23:24:34.374+08:00	[32;1m stat [0m	(api) shedding_stat [1m], cpu: 0, total: 0, pass: 0, drop: 0	caller=load/sheddingstat.go:61
2022-09-01T23:24:36.494+08:00	[32;1m stat [0m	(userCenter-api) - qps: 0.0/s, drops: 0, avg time: 0.0ms, med: 0.0ms, 90th: 0.0ms, 99th: 0.0ms, 99.9th: 0.0ms	caller=stat/metrics.go:210
2022-09-01T23:25:34.362+08:00	[32;1m stat [0m	CPU: 0m, MEMORY: Alloc=1.7Mi, TotalAlloc=4.0Mi, Sys=15.9Mi, NumGC=2	caller=stat/usage.go:61
2022-09-01T23:25:34.370+08:00	[32;1m stat [0m	(api) shedding_stat [1m], cpu: 0, total: 0, pass: 0, drop: 0	caller=load/sheddingstat.go:61
2022-09-01T23:25:36.490+08:00	[32;1m stat [0m	(userCenter-api) - qps: 0.0/s, drops: 0, avg time: 0.0ms, med: 0.0ms, 90th: 0.0ms, 99th: 0.0ms, 99.9th: 0.0ms	caller=stat/metrics.go:210
2022-09-01T23:26:34.359+08:00	[32;1m stat [0m	CPU: 0m, MEMORY: Alloc=1.6Mi, TotalAlloc=4.0Mi, Sys=15.9Mi, NumGC=3	caller=stat/usage.go:61
2022-09-01T23:26:34.367+08:00	[32;1m stat [0m	(api) shedding_stat [1m], cpu: 0, total: 0, pass: 0, drop: 0	caller=load/sheddingstat.go:61
2022-09-01T23:26:36.487+08:00	[32;1m stat [0m	(userCenter-api) - qps: 0.0/s, drops: 0, avg time: 0.0ms, med: 0.0ms, 90th: 0.0ms, 99th: 0.0ms, 99.9th: 0.0ms	caller=stat/metrics.go:210
2022-09-01T23:27:34.355+08:00	[32;1m stat [0m	CPU: 0m, MEMORY: Alloc=1.6Mi, TotalAlloc=4.1Mi, Sys=15.9Mi, NumGC=3	caller=stat/usage.go:61
2022-09-01T23:27:34.363+08:00	[32;1m stat [0m	(api) shedding_stat [1m], cpu: 0, total: 0, pass: 0, drop: 0	caller=load/sheddingstat.go:61
2022-09-01T23:27:36.484+08:00	[32;1m stat [0m	(userCenter-api) - qps: 0.0/s, drops: 0, avg time: 0.0ms, med: 0.0ms, 90th: 0.0ms, 99th: 0.0ms, 99.9th: 0.0ms	caller=stat/metrics.go:210
2022-09-01T23:28:34.352+08:00	[32;1m stat [0m	CPU: 0m, MEMORY: Alloc=1.6Mi, TotalAlloc=4.1Mi, Sys=15.9Mi, NumGC=4	caller=stat/usage.go:61
2022-09-01T23:28:34.359+08:00	[32;1m stat [0m	(api) shedding_stat [1m], cpu: 0, total: 0, pass: 0, drop: 0	caller=load/sheddingstat.go:61
2022-09-01T23:28:36.480+08:00	[32;1m stat [0m	(userCenter-api) - qps: 0.0/s, drops: 0, avg time: 0.0ms, med: 0.0ms, 90th: 0.0ms, 99th: 0.0ms, 99.9th: 0.0ms	caller=stat/metrics.go:210
2022-09-01T23:29:34.350+08:00	[32;1m stat [0m	CPU: 0m, MEMORY: Alloc=1.6Mi, TotalAlloc=4.1Mi, Sys=15.9Mi, NumGC=4	caller=stat/usage.go:61
2022-09-01T23:29:34.356+08:00	[32;1m stat [0m	(api) shedding_stat [1m], cpu: 0, total: 0, pass: 0, drop: 0	caller=load/sheddingstat.go:61
2022-09-01T23:29:36.477+08:00	[32;1m stat [0m	(userCenter-api) - qps: 0.0/s, drops: 0, avg time: 0.0ms, med: 0.0ms, 90th: 0.0ms, 99th: 0.0ms, 99.9th: 0.0ms	caller=stat/metrics.go:210
2022-09-01T23:30:34.345+08:00	[32;1m stat [0m	CPU: 0m, MEMORY: Alloc=1.6Mi, TotalAlloc=4.1Mi, Sys=15.9Mi, NumGC=5	caller=stat/usage.go:61
2022-09-01T23:30:34.352+08:00	[32;1m stat [0m	(api) shedding_stat [1m], cpu: 0, total: 0, pass: 0, drop: 0	caller=load/sheddingstat.go:61
2022-09-01T23:30:36.473+08:00	[32;1m stat [0m	(userCenter-api) - qps: 0.0/s, drops: 0, avg time: 0.0ms, med: 0.0ms, 90th: 0.0ms, 99th: 0.0ms, 99.9th: 0.0ms	caller=stat/metrics.go:210
2022-09-01T23:31:34.428+08:00	[32;1m stat [0m	CPU: 0m, MEMORY: Alloc=1.6Mi, TotalAlloc=4.1Mi, Sys=15.9Mi, NumGC=5	caller=stat/usage.go:61
2022-09-01T23:31:34.436+08:00	[32;1m stat [0m	(api) shedding_stat [1m], cpu: 0, total: 0, pass: 0, drop: 0	caller=load/sheddingstat.go:61
2022-09-01T23:31:36.557+08:00	[32;1m stat [0m	(userCenter-api) - qps: 0.0/s, drops: 0, avg time: 0.0ms, med: 0.0ms, 90th: 0.0ms, 99th: 0.0ms, 99.9th: 0.0ms	caller=stat/metrics.go:210
2022-09-01T23:32:34.424+08:00	[32;1m stat [0m	CPU: 0m, MEMORY: Alloc=1.6Mi, TotalAlloc=4.1Mi, Sys=15.9Mi, NumGC=6	caller=stat/usage.go:61
2022-09-01T23:32:34.433+08:00	[32;1m stat [0m	(api) shedding_stat [1m], cpu: 0, total: 0, pass: 0, drop: 0	caller=load/sheddingstat.go:61
2022-09-01T23:32:36.554+08:00	[32;1m stat [0m	(userCenter-api) - qps: 0.0/s, drops: 0, avg time: 0.0ms, med: 0.0ms, 90th: 0.0ms, 99th: 0.0ms, 99.9th: 0.0ms	caller=stat/metrics.go:210
2022-09-01T23:33:34.422+08:00	[32;1m stat [0m	CPU: 0m, MEMORY: Alloc=1.6Mi, TotalAlloc=4.1Mi, Sys=15.9Mi, NumGC=6	caller=stat/usage.go:61
2022-09-01T23:33:34.430+08:00	[32;1m stat [0m	(api) shedding_stat [1m], cpu: 0, total: 0, pass: 0, drop: 0	caller=load/sheddingstat.go:61
2022-09-01T23:33:36.551+08:00	[32;1m stat [0m	(userCenter-api) - qps: 0.0/s, drops: 0, avg time: 0.0ms, med: 0.0ms, 90th: 0.0ms, 99th: 0.0ms, 99.9th: 0.0ms	caller=stat/metrics.go:210
2022-09-01T23:34:34.420+08:00	[32;1m stat [0m	CPU: 0m, MEMORY: Alloc=1.6Mi, TotalAlloc=4.1Mi, Sys=15.9Mi, NumGC=7	caller=stat/usage.go:61
2022-09-01T23:34:34.428+08:00	[32;1m stat [0m	(api) shedding_stat [1m], cpu: 0, total: 0, pass: 0, drop: 0	caller=load/sheddingstat.go:61
2022-09-01T23:34:36.548+08:00	[32;1m stat [0m	(userCenter-api) - qps: 0.0/s, drops: 0, avg time: 0.0ms, med: 0.0ms, 90th: 0.0ms, 99th: 0.0ms, 99.9th: 0.0ms	caller=stat/metrics.go:210
2022-09-01T23:35:34.417+08:00	[32;1m stat [0m	CPU: 0m, MEMORY: Alloc=1.6Mi, TotalAlloc=4.1Mi, Sys=15.9Mi, NumGC=7	caller=stat/usage.go:61
2022-09-01T23:35:34.425+08:00	[32;1m stat [0m	(api) shedding_stat [1m], cpu: 0, total: 0, pass: 0, drop: 0	caller=load/sheddingstat.go:61
2022-09-01T23:35:36.546+08:00	[32;1m stat [0m	(userCenter-api) - qps: 0.0/s, drops: 0, avg time: 0.0ms, med: 0.0ms, 90th: 0.0ms, 99th: 0.0ms, 99.9th: 0.0ms	caller=stat/metrics.go:210
2022-09-01T23:36:34.414+08:00	[32;1m stat [0m	CPU: 0m, MEMORY: Alloc=1.6Mi, TotalAlloc=4.1Mi, Sys=15.9Mi, NumGC=8	caller=stat/usage.go:61
2022-09-01T23:36:34.422+08:00	[32;1m stat [0m	(api) shedding_stat [1m], cpu: 0, total: 0, pass: 0, drop: 0	caller=load/sheddingstat.go:61
2022-09-01T23:36:36.545+08:00	[32;1m stat [0m	(userCenter-api) - qps: 0.0/s, drops: 0, avg time: 0.0ms, med: 0.0ms, 90th: 0.0ms, 99th: 0.0ms, 99.9th: 0.0ms	caller=stat/metrics.go:210
2022-09-01T23:37:34.412+08:00	[32;1m stat [0m	CPU: 0m, MEMORY: Alloc=1.6Mi, TotalAlloc=4.1Mi, Sys=15.9Mi, NumGC=8	caller=stat/usage.go:61
2022-09-01T23:37:34.420+08:00	[32;1m stat [0m	(api) shedding_stat [1m], cpu: 0, total: 0, pass: 0, drop: 0	caller=load/sheddingstat.go:61
2022-09-01T23:37:36.540+08:00	[32;1m stat [0m	(userCenter-api) - qps: 0.0/s, drops: 0, avg time: 0.0ms, med: 0.0ms, 90th: 0.0ms, 99th: 0.0ms, 99.9th: 0.0ms	caller=stat/metrics.go:210
{"@timestamp":"2022-09-02T04:03:22.682+08:00","caller":"stat/usage.go:61","content":"CPU: 0m, MEMORY: Alloc=4.4Mi, TotalAlloc=8.3Mi, Sys=20.1Mi, NumGC=3","level":"stat"}
{"@timestamp":"2022-09-02T04:03:22.705+08:00","caller":"load/sheddingstat.go:61","content":"(api) shedding_stat [1m], cpu: 0, total: 0, pass: 0, drop: 0","level":"stat"}
{"@timestamp":"2022-09-02T04:04:22.682+08:00","caller":"stat/usage.go:61","content":"CPU: 0m, MEMORY: Alloc=4.5Mi, TotalAlloc=8.4Mi, Sys=20.1Mi, NumGC=3","level":"stat"}
{"@timestamp":"2022-09-02T04:04:22.706+08:00","caller":"load/sheddingstat.go:61","content":"(api) shedding_stat [1m], cpu: 0, total: 0, pass: 0, drop: 0","level":"stat"}
{"@timestamp":"2022-09-02T04:06:37.958+08:00","caller":"stat/usage.go:61","content":"CPU: 0m, MEMORY: Alloc=4.5Mi, TotalAlloc=8.2Mi, Sys=20.6Mi, NumGC=3","level":"stat"}
{"@timestamp":"2022-09-02T04:06:37.986+08:00","caller":"load/sheddingstat.go:61","content":"(api) shedding_stat [1m], cpu: 0, total: 0, pass: 0, drop: 0","level":"stat"}
{"@timestamp":"2022-09-02T04:07:37.954+08:00","caller":"stat/usage.go:61","content":"CPU: 0m, MEMORY: Alloc=5.0Mi, TotalAlloc=9.3Mi, Sys=20.6Mi, NumGC=4","level":"stat"}
{"@timestamp":"2022-09-02T04:07:37.987+08:00","caller":"load/sheddingstat.go:61","content":"(api) shedding_stat [1m], cpu: 0, total: 0, pass: 0, drop: 0","level":"stat"}
{"@timestamp":"2022-09-02T04:08:37.953+08:00","caller":"stat/usage.go:61","content":"CPU: 0m, MEMORY: Alloc=5.1Mi, TotalAlloc=9.3Mi, Sys=20.6Mi, NumGC=4","level":"stat"}
{"@timestamp":"2022-09-02T04:08:37.985+08:00","caller":"load/sheddingstat.go:61","content":"(api) shedding_stat [1m], cpu: 0, total: 0, pass: 0, drop: 0","level":"stat"}
{"@timestamp":"2022-09-02T04:09:37.953+08:00","caller":"stat/usage.go:61","content":"CPU: 0m, MEMORY: Alloc=5.0Mi, TotalAlloc=9.4Mi, Sys=20.6Mi, NumGC=5","level":"stat"}
{"@timestamp":"2022-09-02T04:09:37.985+08:00","caller":"load/sheddingstat.go:61","content":"(api) shedding_stat [1m], cpu: 0, total: 0, pass: 0, drop: 0","level":"stat"}
{"@timestamp":"2022-09-02T04:10:37.954+08:00","caller":"stat/usage.go:61","content":"CPU: 0m, MEMORY: Alloc=5.0Mi, TotalAlloc=9.4Mi, Sys=20.6Mi, NumGC=5","level":"stat"}
{"@timestamp":"2022-09-02T04:10:37.986+08:00","caller":"load/sheddingstat.go:61","content":"(api) shedding_stat [1m], cpu: 0, total: 0, pass: 0, drop: 0","level":"stat"}
{"@timestamp":"2022-09-02T04:11:37.953+08:00","caller":"stat/usage.go:61","content":"CPU: 0m, MEMORY: Alloc=4.2Mi, TotalAlloc=9.6Mi, Sys=20.6Mi, NumGC=6","level":"stat"}
{"@timestamp":"2022-09-02T04:11:37.986+08:00","caller":"load/sheddingstat.go:61","content":"(api) shedding_stat [1m], cpu: 0, total: 0, pass: 0, drop: 0","level":"stat"}
{"@timestamp":"2022-09-02T04:12:37.954+08:00","caller":"stat/usage.go:61","content":"CPU: 0m, MEMORY: Alloc=4.3Mi, TotalAlloc=9.6Mi, Sys=20.6Mi, NumGC=6","level":"stat"}
{"@timestamp":"2022-09-02T04:12:37.986+08:00","caller":"load/sheddingstat.go:61","content":"(api) shedding_stat [1m], cpu: 0, total: 0, pass: 0, drop: 0","level":"stat"}
{"@timestamp":"2022-09-02T04:15:31.013+08:00","caller":"p2c/p2c.go:181","content":"p2c - conn: 192.168.1.4:8080, load: 13209, reqs: 1","level":"stat"}
{"@timestamp":"2022-09-02T04:15:34.582+08:00","caller":"stat/usage.go:61","content":"CPU: 0m, MEMORY: Alloc=4.5Mi, TotalAlloc=8.7Mi, Sys=20.4Mi, NumGC=4","level":"stat"}
{"@timestamp":"2022-09-02T04:15:34.616+08:00","caller":"load/sheddingstat.go:61","content":"(api) shedding_stat [1m], cpu: 0, total: 4, pass: 4, drop: 0","level":"stat"}
{"@timestamp":"2022-09-02T04:15:37.149+08:00","caller":"stat/metrics.go:210","content":"(userCenter-api) - qps: 0.1/s, drops: 0, avg time: 44.5ms, med: 0.9ms, 90th: 175.9ms, 99th: 175.9ms, 99.9th: 175.9ms","level":"stat"}
{"@timestamp":"2022-09-02T04:16:34.583+08:00","caller":"stat/usage.go:61","content":"CPU: 0m, MEMORY: Alloc=4.6Mi, TotalAlloc=8.8Mi, Sys=20.4Mi, NumGC=4","level":"stat"}
{"@timestamp":"2022-09-02T04:16:34.619+08:00","caller":"load/sheddingstat.go:61","content":"(api) shedding_stat [1m], cpu: 0, total: 0, pass: 0, drop: 0","level":"stat"}
{"@timestamp":"2022-09-02T04:16:37.148+08:00","caller":"stat/metrics.go:210","content":"(userCenter-api) - qps: 0.0/s, drops: 0, avg time: 0.0ms, med: 0.0ms, 90th: 0.0ms, 99th: 0.0ms, 99.9th: 0.0ms","level":"stat"}
{"@timestamp":"2022-09-02T04:17:34.583+08:00","caller":"stat/usage.go:61","content":"CPU: 0m, MEMORY: Alloc=4.6Mi, TotalAlloc=9.0Mi, Sys=20.6Mi, NumGC=5","level":"stat"}
{"@timestamp":"2022-09-02T04:17:34.617+08:00","caller":"load/sheddingstat.go:61","content":"(api) shedding_stat [1m], cpu: 0, total: 0, pass: 0, drop: 0","level":"stat"}
{"@timestamp":"2022-09-02T04:17:37.147+08:00","caller":"stat/metrics.go:210","content":"(userCenter-api) - qps: 0.0/s, drops: 0, avg time: 0.0ms, med: 0.0ms, 90th: 0.0ms, 99th: 0.0ms, 99.9th: 0.0ms","level":"stat"}
{"@timestamp":"2022-09-02T04:18:34.582+08:00","caller":"stat/usage.go:61","content":"CPU: 0m, MEMORY: Alloc=4.6Mi, TotalAlloc=9.0Mi, Sys=20.6Mi, NumGC=5","level":"stat"}
{"@timestamp":"2022-09-02T04:18:34.616+08:00","caller":"load/sheddingstat.go:61","content":"(api) shedding_stat [1m], cpu: 0, total: 0, pass: 0, drop: 0","level":"stat"}
{"@timestamp":"2022-09-02T04:18:37.147+08:00","caller":"stat/metrics.go:210","content":"(userCenter-api) - qps: 0.0/s, drops: 0, avg time: 0.0ms, med: 0.0ms, 90th: 0.0ms, 99th: 0.0ms, 99.9th: 0.0ms","level":"stat"}
{"@timestamp":"2022-09-02T04:19:34.582+08:00","caller":"stat/usage.go:61","content":"CPU: 0m, MEMORY: Alloc=4.2Mi, TotalAlloc=9.1Mi, Sys=20.6Mi, NumGC=6","level":"stat"}
{"@timestamp":"2022-09-02T04:19:34.615+08:00","caller":"load/sheddingstat.go:61","content":"(api) shedding_stat [1m], cpu: 0, total: 0, pass: 0, drop: 0","level":"stat"}
{"@timestamp":"2022-09-02T04:19:37.148+08:00","caller":"stat/metrics.go:210","content":"(userCenter-api) - qps: 0.0/s, drops: 0, avg time: 0.0ms, med: 0.0ms, 90th: 0.0ms, 99th: 0.0ms, 99.9th: 0.0ms","level":"stat"}
{"@timestamp":"2022-09-02T04:20:03.274+08:00","caller":"p2c/p2c.go:181","content":"p2c - conn: 192.168.1.4:8080, load: 8613, reqs: 1","level":"stat"}
{"@timestamp":"2022-09-02T04:20:34.583+08:00","caller":"stat/usage.go:61","content":"CPU: 0m, MEMORY: Alloc=4.3Mi, TotalAlloc=9.2Mi, Sys=20.6Mi, NumGC=6","level":"stat"}
{"@timestamp":"2022-09-02T04:20:34.616+08:00","caller":"load/sheddingstat.go:61","content":"(api) shedding_stat [1m], cpu: 0, total: 1, pass: 1, drop: 0","level":"stat"}
{"@timestamp":"2022-09-02T04:20:37.147+08:00","caller":"stat/metrics.go:210","content":"(userCenter-api) - qps: 0.0/s, drops: 0, avg time: 75.0ms, med: 75.9ms, 90th: 75.9ms, 99th: 75.9ms, 99.9th: 75.9ms","level":"stat"}
{"@timestamp":"2022-09-02T04:21:34.583+08:00","caller":"stat/usage.go:61","content":"CPU: 0m, MEMORY: Alloc=4.2Mi, TotalAlloc=9.3Mi, Sys=20.6Mi, NumGC=7","level":"stat"}
{"@timestamp":"2022-09-02T04:21:34.616+08:00","caller":"load/sheddingstat.go:61","content":"(api) shedding_stat [1m], cpu: 0, total: 0, pass: 0, drop: 0","level":"stat"}
{"@timestamp":"2022-09-02T04:21:37.147+08:00","caller":"stat/metrics.go:210","content":"(userCenter-api) - qps: 0.0/s, drops: 0, avg time: 0.0ms, med: 0.0ms, 90th: 0.0ms, 99th: 0.0ms, 99.9th: 0.0ms","level":"stat"}
{"@timestamp":"2022-09-02T04:22:34.584+08:00","caller":"stat/usage.go:61","content":"CPU: 0m, MEMORY: Alloc=4.3Mi, TotalAlloc=9.3Mi, Sys=20.6Mi, NumGC=7","level":"stat"}
{"@timestamp":"2022-09-02T04:22:34.615+08:00","caller":"load/sheddingstat.go:61","content":"(api) shedding_stat [1m], cpu: 0, total: 0, pass: 0, drop: 0","level":"stat"}
{"@timestamp":"2022-09-02T04:22:37.147+08:00","caller":"stat/metrics.go:210","content":"(userCenter-api) - qps: 0.0/s, drops: 0, avg time: 0.0ms, med: 0.0ms, 90th: 0.0ms, 99th: 0.0ms, 99.9th: 0.0ms","level":"stat"}
{"@timestamp":"2022-09-02T04:23:15.254+08:00","caller":"p2c/p2c.go:181","content":"p2c - conn: 192.168.1.4:8080, load: 7347, reqs: 1","level":"stat"}
{"@timestamp":"2022-09-02T04:23:34.582+08:00","caller":"stat/usage.go:61","content":"CPU: 0m, MEMORY: Alloc=4.3Mi, TotalAlloc=9.6Mi, Sys=20.6Mi, NumGC=8","level":"stat"}
{"@timestamp":"2022-09-02T04:23:34.616+08:00","caller":"load/sheddingstat.go:61","content":"(api) shedding_stat [1m], cpu: 0, total: 1, pass: 1, drop: 0","level":"stat"}
{"@timestamp":"2022-09-02T04:23:37.147+08:00","caller":"stat/metrics.go:210","content":"(userCenter-api) - qps: 0.0/s, drops: 0, avg time: 55.0ms, med: 55.2ms, 90th: 55.2ms, 99th: 55.2ms, 99.9th: 55.2ms","level":"stat"}
{"@timestamp":"2022-09-02T04:24:16.044+08:00","caller":"p2c/p2c.go:181","content":"p2c - conn: 192.168.1.4:8080, load: 4053, reqs: 1","level":"stat"}
{"@timestamp":"2022-09-02T04:24:34.580+08:00","caller":"stat/usage.go:61","content":"CPU: 0m, MEMORY: Alloc=4.5Mi, TotalAlloc=9.8Mi, Sys=20.6Mi, NumGC=8","level":"stat"}
{"@timestamp":"2022-09-02T04:24:34.615+08:00","caller":"load/sheddingstat.go:61","content":"(api) shedding_stat [1m], cpu: 0, total: 1, pass: 1, drop: 0","level":"stat"}
{"@timestamp":"2022-09-02T04:24:37.147+08:00","caller":"stat/metrics.go:210","content":"(userCenter-api) - qps: 0.0/s, drops: 0, avg time: 17.0ms, med: 17.6ms, 90th: 17.6ms, 99th: 17.6ms, 99.9th: 17.6ms","level":"stat"}
{"@timestamp":"2022-09-02T04:25:34.582+08:00","caller":"stat/usage.go:61","content":"CPU: 0m, MEMORY: Alloc=4.3Mi, TotalAlloc=9.8Mi, Sys=20.6Mi, NumGC=9","level":"stat"}
{"@timestamp":"2022-09-02T04:25:34.615+08:00","caller":"load/sheddingstat.go:61","content":"(api) shedding_stat [1m], cpu: 0, total: 0, pass: 0, drop: 0","level":"stat"}
{"@timestamp":"2022-09-02T04:25:37.147+08:00","caller":"stat/metrics.go:210","content":"(userCenter-api) - qps: 0.0/s, drops: 0, avg time: 0.0ms, med: 0.0ms, 90th: 0.0ms, 99th: 0.0ms, 99.9th: 0.0ms","level":"stat"}
{"@timestamp":"2022-09-02T04:26:34.582+08:00","caller":"stat/usage.go:61","content":"CPU: 0m, MEMORY: Alloc=4.3Mi, TotalAlloc=9.8Mi, Sys=20.6Mi, NumGC=9","level":"stat"}
{"@timestamp":"2022-09-02T04:26:34.615+08:00","caller":"load/sheddingstat.go:61","content":"(api) shedding_stat [1m], cpu: 0, total: 0, pass: 0, drop: 0","level":"stat"}
{"@timestamp":"2022-09-02T04:26:37.147+08:00","caller":"stat/metrics.go:210","content":"(userCenter-api) - qps: 0.0/s, drops: 0, avg time: 0.0ms, med: 0.0ms, 90th: 0.0ms, 99th: 0.0ms, 99.9th: 0.0ms","level":"stat"}
{"@timestamp":"2022-09-02T04:27:21.118+08:00","caller":"p2c/p2c.go:181","content":"p2c - conn: 192.168.1.4:8080, load: 5120, reqs: 1","level":"stat"}
{"@timestamp":"2022-09-02T04:27:34.581+08:00","caller":"stat/usage.go:61","content":"CPU: 0m, MEMORY: Alloc=4.3Mi, TotalAlloc=10.0Mi, Sys=20.6Mi, NumGC=10","level":"stat"}
{"@timestamp":"2022-09-02T04:27:34.615+08:00","caller":"load/sheddingstat.go:61","content":"(api) shedding_stat [1m], cpu: 0, total: 1, pass: 1, drop: 0","level":"stat"}
{"@timestamp":"2022-09-02T04:27:37.147+08:00","caller":"stat/metrics.go:210","content":"(userCenter-api) - qps: 0.0/s, drops: 0, avg time: 29.0ms, med: 29.2ms, 90th: 29.2ms, 99th: 29.2ms, 99.9th: 29.2ms","level":"stat"}
{"@timestamp":"2022-09-02T04:28:34.582+08:00","caller":"stat/usage.go:61","content":"CPU: 0m, MEMORY: Alloc=4.3Mi, TotalAlloc=10.0Mi, Sys=20.6Mi, NumGC=10","level":"stat"}
{"@timestamp":"2022-09-02T04:28:34.615+08:00","caller":"load/sheddingstat.go:61","content":"(api) shedding_stat [1m], cpu: 0, total: 0, pass: 0, drop: 0","level":"stat"}
{"@timestamp":"2022-09-02T04:28:37.146+08:00","caller":"stat/metrics.go:210","content":"(userCenter-api) - qps: 0.0/s, drops: 0, avg time: 0.0ms, med: 0.0ms, 90th: 0.0ms, 99th: 0.0ms, 99.9th: 0.0ms","level":"stat"}
