rpc error: code = DeadlineExceeded desc = context deadline exceededDeadlineExceeded desc = context deadline exceeded	trace=1cae073b53f0c69765fec37825e925bd	span=9586190ab52ce666	caller=menu/usermenuslogic.go:64
2023-04-09T13:32:48.415+08:00	[31;1m error [0m	authorize failed: no token present in request
=> GET /api/v1/system/menu/all HTTP/1.1
Host: localhost:8888
Connection: close
Accept: text/html,application/xhtml+xml,application/xml;q=0.9,image/avif,image/webp,image/apng,*/*;q=0.8,application/signed-exchange;v=b3;q=0.7
Accept-Encoding: gzip, deflate
Accept-Language: zh-CN,zh;q=0.9
Connection: close
Upgrade-Insecure-Requests: 1
User-Agent: Mozilla/5.0 (Macintosh; Intel Mac OS X 10_15_7) AppleWebKit/537.36 (KHTML, like Gecko) Chrome/111.0.0.0 Safari/537.36
X-Forwarded-For: 192.168.1.3
X-Forwarded-Host: 192.168.1.3:8081
X-Forwarded-Port: 8081
X-Forwarded-Proto: http

	caller=handler/authhandler.go:103
rpc error: code = DeadlineExceeded desc = context deadline exceededDeadlineExceeded desc = context deadline exceeded	trace=52b35cf053b4d9765ffcb97a55442827	span=e1442482335634cc	caller=menu/usermenuslogic.go:96
rpc error: code = DeadlineExceeded desc = context deadline exceededDeadlineExceeded desc = context deadline exceeded	trace=52b35cf053b4d9765ffcb97a55442827	span=e1442482335634cc	caller=menu/usermenuslogic.go:96
rpc error: code = DeadlineExceeded desc = context deadline exceededDeadlineExceeded desc = context deadline exceeded	trace=52b35cf053b4d9765ffcb97a55442827	span=e1442482335634cc	caller=menu/usermenuslogic.go:96
2023-04-09T13:37:29.983+08:00	[34;1m info [0m	fail - etcd:/127.0.0.1:2379/systemadmin.rpc/pb.SystemService/MenuDetail - ID:4 - rpc error: code = DeadlineExceeded desc = context deadline exceeded	duration=2001.rpc error: code = DeadlineExceeded desc = context deadline exceededDeadlineExceeded desc = context deadline exceeded	trace=52b35cf053b4d9765ffcb97a55442827	span=e1442482335634cc	caller=menu/usermenuslogic.go:96
rpc error: code = DeadlineExceeded desc = context deadline exceededDeadlineExceeded desc = context deadline exceeded	trace=52b35cf053b4d9765ffcb97a55442827	span=e1442482335634cc	caller=menu/usermenuslogic.go:96
rpc error: code = DeadlineExceeded desc = context deadline exceededDeadlineExceeded desc = context deadline exceeded	trace=52b35cf053b4d9765ffcb97a55442827	span=e1442482335634cc	caller=menu/usermenuslogic.go:96
rpc error: code = DeadlineExceeded desc = context deadline exceededDeadlineExceeded desc = context deadline exceeded	trace=52b35cf053b4d9765ffcb97a55442827	span=e1442482335634cc	caller=menu/usermenuslogic.go:96
rpc error: code = DeadlineExceeded desc = context deadline exceededDeadlineExceeded desc = context deadline exceeded	trace=52b35cf053b4d9765ffcb97a55442827	span=e1442482335634cc	caller=menu/usermenuslogic.go:96
rpc error: code = DeadlineExceeded desc = context deadline exceededDeadlineExceeded desc = context deadline exceeded	trace=52b35cf053b4d9765ffcb97a55442827	span=e1442482335634cc	caller=menu/usermenuslogic.go:96
2023-04-09T13:44:27.497+08:00	[31;1m error [0m	bad resolver state	caller=internal/discovbuilder.go:34
monitoringmanager.rpc/to "monitoringmanager.rpc"7.0.0.1:2379 Endpoint:monitoringmanager.rpc URL:{Scheme:2023-04-09T13:45:38.126+08:00	[31;1m error [0m	bad resolver state	caller=internal/discovbuilder.go:34
map[hasleader:[true]]/to "monitoringmanager.rpc"7.0.0.1:2379 Endpoint:monitoringmanager.rpc URL:{Scheme:2023-04-09T23:36:41.116+08:00	[31;1m error [0m	bad resolver state	caller=internal/discovbuilder.go:34
2023-04-09T23:37:38.094+08:00	[31;1m error [0m	authorize failed: Token is expired
=> GET /api/v1/system/menu/usermenus HTTP/1.1
Host: localhost:8888
Connection: close
Accept: */*
Accept-Encoding: gzip, deflate
Accept-Language: zh-CN,zh;q=0.9
Authorization: Bearer eyJhbGciOiJIUzI1NiIsInR5cCI6IkpXVCJ9.eyJleHAiOjE2ODEwMjM1OTAsImlhdCI6MTY4MDkzNzE5MCwidXNlcklEIjoxLCJ1c2VyTmFtZSI6ImFkbWluIn0.0PeTj_2L4rnGH7NH3qvYflMVUPTAfxpZpcTE_qhijVQ
Connection: close
Referer: http://192.168.1.3:8081/
User-Agent: Mozilla/5.0 (Macintosh; Intel Mac OS X 10_15_7) AppleWebKit/537.36 (KHTML, like Gecko) Chrome/111.0.0.0 Safari/537.36
X-Forwarded-For: 192.168.1.3
X-Forwarded-Host: 192.168.1.3:8081
X-Forwarded-Port: 8081
X-Forwarded-Proto: http

	caller=handler/authhandler.go:103
 401 04-09T23:37:38.433+08:00	[31;1m error [0m	authorize failed: token contains an invalid number of segments
=> GET /api/v1/system/user/currentset HTTP/1.1
Host: localhost:8888
Connection: close
Accept: */*
Accept-Encoding: gzip, deflate
Accept-Language: zh-CN,zh;q=0.9
Authorization: Bearer
Connection: close
Referer: http://192.168.1.3:8081/
User-Agent: Mozilla/5.0 (Macintosh; Intel Mac OS X 10_15_7) AppleWebKit/537.36 (KHTML, like Gecko) Chrome/111.0.0.0 Safari/537.36
X-Forwarded-For: 192.168.1.3
X-Forwarded-Host: 192.168.1.3:8081
X-Forwarded-Port: 8081
X-Forwarded-Proto: http

	caller=handler/authhandler.go:103
parsed dial target is: {Scheme:etcd Authority:127.0.0.1:2379 Endpoint:monitoringmanager.rpc URL:{Scheme:2023-04-09T23:39:57.441+08:00	[31;1m error [0m	bad resolver state	caller=internal/discovbuilder.go:34
rpc error: code = DeadlineExceeded desc = context deadline exceededDeadlineExceeded desc = context deadline exceeded	trace=bb2faf67b22b3f8ad30f6a0d81379342	span=74169ed6dda13ba8	caller=menu/usermenuslogic.go:96
rpc error: code = DeadlineExceeded desc = context deadline exceeded0.1:2379/systemadmin.rpc/pb.SystemService/MenuDetail - ID:1 - rpc error: code = DeadlineExceeded desc = context deadline exceeded	duration=2012.rpc error: code = DeadlineExceeded desc = context deadline exceeded0.1:2379/systemadmin.rpc/pb.SystemService/MenuDetail - ID:20 - rpc error: code = DeadlineExceeded desc = context deadline exceeded	duration=2018rpc error: code = DeadlineExceeded desc = context deadline exceededDeadlineExceeded desc = context deadline exceeded	trace=bb2faf67b22b3f8ad30f6a0d81379342	span=74169ed6dda13ba8	caller=menu/usermenuslogic.go:96
rpc error: code = DeadlineExceeded desc = context deadline exceeded0.1:2379/systemadmin.rpc/pb.SystemService/MenuDetail - ID:4 - rpc error: code = DeadlineExceeded desc = context deadline exceeded	duration=2018.rpc error: code = DeadlineExceeded desc = context deadline exceededDeadlineExceeded desc = context deadline exceeded	trace=bb2faf67b22b3f8ad30f6a0d81379342	span=74169ed6dda13ba8	caller=menu/usermenuslogic.go:96
rpc error: code = DeadlineExceeded desc = context deadline exceeded0.1:2379/systemadmin.rpc/pb.SystemService/MenuDetail - ID:16 - rpc error: code = DeadlineExceeded desc = context deadline exceeded	duration=2013rpc error: code = DeadlineExceeded desc = context deadline exceededDeadlineExceeded desc = context deadline exceeded	trace=bb2faf67b22b3f8ad30f6a0d81379342	span=74169ed6dda13ba8	caller=menu/usermenuslogic.go:96
rpc error: code = DeadlineExceeded desc = context deadline exceededDeadlineExceeded desc = context deadline exceeded	trace=bb2faf67b22b3f8ad30f6a0d81379342	span=74169ed6dda13ba8	caller=menu/usermenuslogic.go:96
rpc error: code = DeadlineExceeded desc = context deadline exceededDeadlineExceeded desc = context deadline exceeded	trace=bb2faf67b22b3f8ad30f6a0d81379342	span=74169ed6dda13ba8	caller=menu/usermenuslogic.go:96
rpc error: code = DeadlineExceeded desc = context deadline exceededDeadlineExceeded desc = context deadline exceeded	trace=bb2faf67b22b3f8ad30f6a0d81379342	span=74169ed6dda13ba8	caller=menu/usermenuslogic.go:96
rpc error: code = DeadlineExceeded desc = context deadline exceededDeadlineExceeded desc = context deadline exceeded	trace=bb2faf67b22b3f8ad30f6a0d81379342	span=74169ed6dda13ba8	caller=menu/usermenuslogic.go:96
00-bb2faf67b22b3f8ad30f6a0d81379342-5e981d3a9d583394-01ine exceededDeadlineExceeded desc = context deadline exceeded	trace=bb2faf67b22b3f8ad30f6a0d81379342	span=74169ed6dda13ba8	caller=menu/usermenuslogic.go:96
2023-04-09T23:47:46.530+08:00	[31;1m error [0m	[HTTP] [103;90;1m 500 [0m - [44;97;1m GET [0m /api/v1/monitoring/store/file/envselect - 192.168.1.3 - Mozilla/5.0 (Macintosh; Intel Mac OS X 10_15_7) AppleWebKit/537.36 (KHTML, like Gecko) Chrome/111.0.0.0 Safari/537.36
GET /api/v1/monitoring/store/file/envselect HTTP/1.1
Host: localhost:8888
Connection: close
Accept: */*
Accept-Encoding: gzip, deflate
Accept-Language: zh-CN,zh;q=0.9
Authorization: Bearer eyJhbGciOiJIUzI1NiIsInR5cCI6IkpXVCJ9.eyJleHAiOjE2ODExNDEwNjEsImlhdCI6MTY4MTA1NDY2MSwidXNlcklEIjoxLCJ1c2VyTmFtZSI6ImFkbWluIn0.RSfA1EANaeWG1cNaBDkJdHL5zZM6rc1d-0L-5GsCsRU
Connection: close
Referer: http://192.168.1.3:8081/
User-Agent: Mozilla/5.0 (Macintosh; Intel Mac OS X 10_15_7) AppleWebKit/537.36 (KHTML, like Gecko) Chrome/111.0.0.0 Safari/537.36
X-Forwarded-For: 192.168.1.3
X-Forwarded-Host: 192.168.1.3:8081
X-Forwarded-Port: 8081
X-Forwarded-Proto: http

	duration=82.9ms	trace=b4553761ab8e9e1f7ac0ec1bb8f6b3ce	span=788f122542ad2d40	caller=handler/loghandler.go:199
ero-vue-admin/server/app/api-gateway/internal/handler/monitoring/store/file/envselecthandler.go:14 +0xa4
github.com/zhaoqiang0201/zero-vue-admin/server/app/api-gateway/internal/middleware.(*CasbinMiddleware).Handle.func1({0x101a44b08, 0x14000225ce0}, 0x14000ea5400)
	/Users/zhaoqiang/Documents/owner项目/zero-vue-admin/server/app/api-gateway/internal/middleware/casbinmiddleware.go:62 +0x850
github.com/zhaoqiang0201/zero-vue-admin/server/app/api-gateway/internal/middleware.(*CheckUserExistsMiddleware).Handle.func1({0x101a44b08, 0x14000225ce0}, 0x14000d49500)
	/Users/zhaoqiang/Documents/owner项目/zero-vue-admin/server/app/api-gateway/internal/middleware/checkuserexistsmiddleware.go:44 +0x3a4
github.com/zhaoqiang0201/zero-vue-admin/server/app/api-gateway/internal/middleware.(*ParseJWTTokenMiddleware).Handle.func1({0x101a44b08, 0x14000225ce0}, 0x14000d49400)
	/Users/zhaoqiang/Documents/owner项目/zero-vue-admin/server/app/api-gateway/internal/middleware/parsejwttokenmiddleware.go:76 +0x6f4
net/http.HandlerFunc.ServeHTTP(0x140006e3420, {0x101a44b08, 0x14000225ce0}, 0x14000d49400)
	/usr/local/go/src/net/http/server.go:2046 +0x40
github.com/zeromicro/go-zero/rest/handler.Authorize.func1.1({0x101a44b08, 0x14000225ce0}, 0x14000d49300)
	/Users/zhaoqiang/go/pkg/mod/github.com/zeromicro/go-zero@v1.4.0/rest/handler/authhandler.go:81 +0x5dc
net/http.HandlerFunc.ServeHTTP(0x14000709fc0, {0x101a44b08, 0x14000225ce0}, 0x14000d49300)
	/usr/local/go/src/net/http/server.go:2046 +0x40
github.com/zeromicro/go-zero/rest/handler.GunzipHandler.func1({0x101a44b08, 0x14000225ce0}, 0x14000d49300)
	/Users/zhaoqiang/go/pkg/mod/github.com/zeromicro/go-zero@v1.4.0/rest/handler/gunziphandler.go:26 +0x124
net/http.HandlerFunc.ServeHTTP(0x14000528960, {0x101a44b08, 0x14000225ce0}, 0x14000d49300)
	/usr/local/go/src/net/http/server.go:2046 +0x40
github.com/zeromicro/go-zero/rest/handler.MaxBytesHandler.func2.1({0x101a44b08, 0x14000225ce0}, 0x14000d49300)
	/Users/zhaoqiang/go/pkg/mod/github.com/zeromicro/go-zero@v1.4.0/rest/handler/maxbyteshandler.go:24 +0x110
net/http.HandlerFunc.ServeHTTP(0x14000279a40, {0x101a44b08, 0x14000225ce0}, 0x14000d49300)
	/usr/local/go/src/net/http/server.go:2046 +0x40
github.com/zeromicro/go-zero/rest/handler.MetricHandler.func1.1({0x101a44b08, 0x14000225ce0}, 0x14000d49300)
	/Users/zhaoqiang/go/pkg/mod/github.com/zeromicro/go-zero@v1.4.0/rest/handler/metrichandler.go:21 +0xc8
net/http.HandlerFunc.ServeHTTP(0x14000279a60, {0x101a44b08, 0x14000225ce0}, 0x14000d49300)
	/usr/local/go/src/net/http/server.go:2046 +0x40
github.com/zeromicro/go-zero/rest/handler.RecoverHandler.func1({0x101a44b08, 0x14000225ce0}, 0x14000d49300)
	/Users/zhaoqiang/go/pkg/mod/github.com/zeromicro/go-zero@v1.4.0/rest/handler/recoverhandler.go:21 +0x8c
net/http.HandlerFunc.ServeHTTP(0x14000528978, {0x101a44b08, 0x14000225ce0}, 0x14000d49300)
	/usr/local/go/src/net/http/server.go:2046 +0x40
github.com/zeromicro/go-zero/rest/handler.(*timeoutHandler).ServeHTTP.func1(0x14000225d40, 0x14000528990, 0x14000225ce0, 0x14000d49300, 0x14000cfe5a0)
	/Users/zhaoqiang/go/pkg/mod/github.com/zeromicro/go-zero@v1.4.0/rest/handler/timeouthandler.go:79 +0x78
created by github.com/zeromicro/go-zero/rest/handler.(*timeoutHandler).ServeHTTP
	/Users/zhaoqiang/go/pkg/mod/github.com/zeromicro/go-zero@v1.4.0/rest/handler/timeouthandler.go:73 +0x430
	trace=b4553761ab8e9e1f7ac0ec1bb8f6b3ce	span=788f122542ad2d40	caller=internal/log.go:57
2023-04-09T23:47:46.530+08:00	[31;1m error [0m	[HTTP] [103;90;1m 500 [0m - [44;97;1m GET [0m /api/v1/monitoring/store/file/envselect - 192.168.1.3 - Mozilla/5.0 (Macintosh; Intel Mac OS X 10_15_7) AppleWebKit/537.36 (KHTML, like Gecko) Chrome/111.0.0.0 Safari/537.36
GET /api/v1/monitoring/store/file/envselect HTTP/1.1
Host: localhost:8888
Connection: close
Accept: */*
Accept-Encoding: gzip, deflate
Accept-Language: zh-CN,zh;q=0.9
Authorization: Bearer eyJhbGciOiJIUzI1NiIsInR5cCI6IkpXVCJ9.eyJleHAiOjE2ODExNDEwNjEsImlhdCI6MTY4MTA1NDY2MSwidXNlcklEIjoxLCJ1c2VyTmFtZSI6ImFkbWluIn0.RSfA1EANaeWG1cNaBDkJdHL5zZM6rc1d-0L-5GsCsRU
Connection: close
Referer: http://192.168.1.3:8081/
User-Agent: Mozilla/5.0 (Macintosh; Intel Mac OS X 10_15_7) AppleWebKit/537.36 (KHTML, like Gecko) Chrome/111.0.0.0 Safari/537.36
X-Forwarded-For: 192.168.1.3
X-Forwarded-Host: 192.168.1.3:8081
X-Forwarded-Port: 8081
X-Forwarded-Proto: http

	duration=82.9ms	trace=b4553761ab8e9e1f7ac0ec1bb8f6b3ce	span=788f122542ad2d40	caller=handler/loghandler.go:199
23:48:17 500 Internal Server Error;1m error [0m	(/api/v1/monitoring/store/file/envselect - 192.168.1.3) runtime error: index out of range [0] with length 0
goroutine 476 [running]:
runtime/debug.Stack()
	/usr/local/go/src/runtime/debug/stack.go:24 +0x88
github.com/zeromicro/go-zero/rest/handler.RecoverHandler.func1.1(0x140009c6000, {0x101a44b08, 0x14000350720})
	/Users/zhaoqiang/go/pkg/mod/github.com/zeromicro/go-zero@v1.4.0/rest/handler/recoverhandler.go:16 +0x48
panic({0x1018ff9c0, 0x14000b602a0})
	/usr/local/go/src/runtime/panic.go:1038 +0x21c
github.com/zhaoqiang0201/zero-vue-admin/server/app/api-gateway/internal/logic/monitoring/store/file.(*EnvSelectLogic).EnvSelect(0x140009d95f0)
	/Users/zhaoqiang/Documents/owner项目/zero-vue-admin/server/app/api-gateway/internal/logic/monitoring/store/file/envselectlogic.go:36 +0x28c
github.com/zhaoqiang0201/zero-vue-admin/server/app/api-gateway/internal/handler/monitoring/store/file.EnvSelectHandler.func1({0x101a44b08, 0x14000350720}, 0x140003e9b00)
	/Users/zhaoqiang/Documents/owner项目/zero-vue-admin/server/app/api-gateway/internal/handler/monitoring/store/file/envselecthandler.go:14 +0xa4
github.com/zhaoqiang0201/zero-vue-admin/server/app/api-gateway/internal/middleware.(*CasbinMiddleware).Handle.func1({0x101a44b08, 0x14000350720}, 0x14000a3e000)
	/Users/zhaoqiang/Documents/owner项目/zero-vue-admin/server/app/api-gateway/internal/middleware/casbinmiddleware.go:62 +0x850
github.com/zhaoqiang0201/zero-vue-admin/server/app/api-gateway/internal/middleware.(*CheckUserExistsMiddleware).Handle.func1({0x101a44b08, 0x14000350720}, 0x140009c6200)
	/Users/zhaoqiang/Documents/owner项目/zero-vue-admin/server/app/api-gateway/internal/middleware/checkuserexistsmiddleware.go:44 +0x3a4
github.com/zhaoqiang0201/zero-vue-admin/server/app/api-gateway/internal/middleware.(*ParseJWTTokenMiddleware).Handle.func1({0x101a44b08, 0x14000350720}, 0x140009c6100)
	/Users/zhaoqiang/Documents/owner项目/zero-vue-admin/server/app/api-gateway/internal/middleware/parsejwttokenmiddleware.go:76 +0x6f4
net/http.HandlerFunc.ServeHTTP(0x140006e3420, {0x101a44b08, 0x14000350720}, 0x140009c6100)
	/usr/local/go/src/net/http/server.go:2046 +0x40
github.com/zeromicro/go-zero/rest/handler.Authorize.func1.1({0x101a44b08, 0x14000350720}, 0x140009c6000)
	/Users/zhaoqiang/go/pkg/mod/github.com/zeromicro/go-zero@v1.4.0/rest/handler/authhandler.go:81 +0x5dc
net/http.HandlerFunc.ServeHTTP(0x14000709fc0, {0x101a44b08, 0x14000350720}, 0x140009c6000)
	/usr/local/go/src/net/http/server.go:2046 +0x40
github.com/zeromicro/go-zero/rest/handler.GunzipHandler.func1({0x101a44b08, 0x14000350720}, 0x140009c6000)
	/Users/zhaoqiang/go/pkg/mod/github.com/zeromicro/go-zero@v1.4.0/rest/handler/gunziphandler.go:26 +0x124
net/http.HandlerFunc.ServeHTTP(0x14000528960, {0x101a44b08, 0x14000350720}, 0x140009c6000)
	/usr/local/go/src/net/http/server.go:2046 +0x40
github.com/zeromicro/go-zero/rest/handler.MaxBytesHandler.func2.1({0x101a44b08, 0x14000350720}, 0x140009c6000)
	/Users/zhaoqiang/go/pkg/mod/github.com/zeromicro/go-zero@v1.4.0/rest/handler/maxbyteshandler.go:24 +0x110
net/http.HandlerFunc.ServeHTTP(0x14000279a40, {0x101a44b08, 0x14000350720}, 0x140009c6000)
	/usr/local/go/src/net/http/server.go:2046 +0x40
github.com/zeromicro/go-zero/rest/handler.MetricHandler.func1.1({0x101a44b08, 0x14000350720}, 0x140009c6000)
	/Users/zhaoqiang/go/pkg/mod/github.com/zeromicro/go-zero@v1.4.0/rest/handler/metrichandler.go:21 +0xc8
net/http.HandlerFunc.ServeHTTP(0x14000279a60, {0x101a44b08, 0x14000350720}, 0x140009c6000)
	/usr/local/go/src/net/http/server.go:2046 +0x40
github.com/zeromicro/go-zero/rest/handler.RecoverHandler.func1({0x101a44b08, 0x14000350720}, 0x140009c6000)
	/Users/zhaoqiang/go/pkg/mod/github.com/zeromicro/go-zero@v1.4.0/rest/handler/recoverhandler.go:21 +0x8c
net/http.HandlerFunc.ServeHTTP(0x14000528978, {0x101a44b08, 0x14000350720}, 0x140009c6000)
	/usr/local/go/src/net/http/server.go:2046 +0x40
github.com/zeromicro/go-zero/rest/handler.(*timeoutHandler).ServeHTTP.func1(0x14000350780, 0x14000528990, 0x14000350720, 0x140009c6000, 0x14000cfeba0)
	/Users/zhaoqiang/go/pkg/mod/github.com/zeromicro/go-zero@v1.4.0/rest/handler/timeouthandler.go:79 +0x78
created by github.com/zeromicro/go-zero/rest/handler.(*timeoutHandler).ServeHTTP
	/Users/zhaoqiang/go/pkg/mod/github.com/zeromicro/go-zero@v1.4.0/rest/handler/timeouthandler.go:73 +0x430
	trace=ac268a8341404d69ced0a337f0606259	span=8d78e25033dd3987	caller=internal/log.go:57
2023-04-09T23:48:17.286+08:00	[31;1m error [0m	[HTTP] [103;90;1m 500 [0m - [44;97;1m GET [0m /api/v1/monitoring/store/file/envselect - 192.168.1.3 - Mozilla/5.0 (Macintosh; Intel Mac OS X 10_15_7) AppleWebKit/537.36 (KHTML, like Gecko) Chrome/111.0.0.0 Safari/537.36
GET /api/v1/monitoring/store/file/envselect HTTP/1.1
Host: localhost:8888
Connection: close
Accept: */*
Accept-Encoding: gzip, deflate
Accept-Language: zh-CN,zh;q=0.9
Authorization: Bearer eyJhbGciOiJIUzI1NiIsInR5cCI6IkpXVCJ9.eyJleHAiOjE2ODExNDEwNjEsImlhdCI6MTY4MTA1NDY2MSwidXNlcklEIjoxLCJ1c2VyTmFtZSI6ImFkbWluIn0.RSfA1EANaeWG1cNaBDkJdHL5zZM6rc1d-0L-5GsCsRU
Cache-Control: no-cache
Connection: close
Pragma: no-cache
Referer: http://192.168.1.3:8081/
User-Agent: Mozilla/5.0 (Macintosh; Intel Mac OS X 10_15_7) AppleWebKit/537.36 (KHTML, like Gecko) Chrome/111.0.0.0 Safari/537.36
X-Forwarded-For: 192.168.1.3
X-Forwarded-Host: 192.168.1.3:8081
X-Forwarded-Port: 8081
X-Forwarded-Proto: http

	duration=168.8ms	trace=ac268a8341404d69ced0a337f0606259	span=8d78e25033dd3987	caller=handler/loghandler.go:199
2023-04-09T23:48:19.803+08:00	[31;1m error [0m	authorize failed: no token present in request
=> GET /api/v1/monitoring/store/file/envselect HTTP/1.1
Host: localhost:8888
Connection: close
Accept: text/html,application/xhtml+xml,application/xml;q=0.9,image/avif,image/webp,image/apng,*/*;q=0.8,application/signed-exchange;v=b3;q=0.7
Accept-Encoding: gzip, deflate
Accept-Language: zh-CN,zh;q=0.9
Connection: close
Upgrade-Insecure-Requests: 1
User-Agent: Mozilla/5.0 (Macintosh; Intel Mac OS X 10_15_7) AppleWebKit/537.36 (KHTML, like Gecko) Chrome/111.0.0.0 Safari/537.36
X-Forwarded-For: 192.168.1.3
X-Forwarded-Host: 192.168.1.3:8081
X-Forwarded-Port: 8081
X-Forwarded-Proto: http

	caller=handler/authhandler.go:103
2023-04-09T23:50:52.250+08:00	[31;1m error [0m	[HTTP] [103;90;1m 500 [0m - [44;97;1m GET [0m /api/v1/monitoring/store/file/envselect - 192.168.1.3 - Mozilla/5.0 (Macintosh; Intel Mac OS X 10_15_7) AppleWebKit/537.36 (KHTML, like Gecko) Chrome/111.0.0.0 Safari/537.36
GET /api/v1/monitoring/store/file/envselect HTTP/1.1
Host: localhost:8888
Connection: close
Accept: */*
Accept-Encoding: gzip, deflate
Accept-Language: zh-CN,zh;q=0.9
Authorization: Bearer eyJhbGciOiJIUzI1NiIsInR5cCI6IkpXVCJ9.eyJleHAiOjE2ODExNDEwNjEsImlhdCI6MTY4MTA1NDY2MSwidXNlcklEIjoxLCJ1c2VyTmFtZSI6ImFkbWluIn0.RSfA1EANaeWG1cNaBDkJdHL5zZM6rc1d-0L-5GsCsRU
Cache-Control: no-cache
Connection: close
Pragma: no-cache
Referer: http://192.168.1.3:8081/
User-Agent: Mozilla/5.0 (Macintosh; Intel Mac OS X 10_15_7) AppleWebKit/537.36 (KHTML, like Gecko) Chrome/111.0.0.0 Safari/537.36
X-Forwarded-For: 192.168.1.3
X-Forwarded-Host: 192.168.1.3:8081
X-Forwarded-Port: 8081
X-Forwarded-Proto: http

	duration=144.5ms	trace=69d14caaca6251fd309682b4a96eb941	span=6a9178de6721c50c	caller=handler/loghandler.go:199
l/handler/monitoring/store/file/envselecthandler.go:14 +0xa4
github.com/zhaoqiang0201/zero-vue-admin/server/app/api-gateway/internal/middleware.(*CasbinMiddleware).Handle.func1({0x101a44b08, 0x14000d24060}, 0x14000c6ef00)
	/Users/zhaoqiang/Documents/owner项目/zero-vue-admin/server/app/api-gateway/internal/middleware/casbinmiddleware.go:62 +0x850
github.com/zhaoqiang0201/zero-vue-admin/server/app/api-gateway/internal/middleware.(*CheckUserExistsMiddleware).Handle.func1({0x101a44b08, 0x14000d24060}, 0x14000c6ec00)
	/Users/zhaoqiang/Documents/owner项目/zero-vue-admin/server/app/api-gateway/internal/middleware/checkuserexistsmiddleware.go:44 +0x3a4
github.com/zhaoqiang0201/zero-vue-admin/server/app/api-gateway/internal/middleware.(*ParseJWTTokenMiddleware).Handle.func1({0x101a44b08, 0x14000d24060}, 0x14000c6eb00)
	/Users/zhaoqiang/Documents/owner项目/zero-vue-admin/server/app/api-gateway/internal/middleware/parsejwttokenmiddleware.go:76 +0x6f4
net/http.HandlerFunc.ServeHTTP(0x140006e3420, {0x101a44b08, 0x14000d24060}, 0x14000c6eb00)
	/usr/local/go/src/net/http/server.go:2046 +0x40
github.com/zeromicro/go-zero/rest/handler.Authorize.func1.1({0x101a44b08, 0x14000d24060}, 0x14000c6ea00)
	/Users/zhaoqiang/go/pkg/mod/github.com/zeromicro/go-zero@v1.4.0/rest/handler/authhandler.go:81 +0x5dc
net/http.HandlerFunc.ServeHTTP(0x14000709fc0, {0x101a44b08, 0x14000d24060}, 0x14000c6ea00)
	/usr/local/go/src/net/http/server.go:2046 +0x40
github.com/zeromicro/go-zero/rest/handler.GunzipHandler.func1({0x101a44b08, 0x14000d24060}, 0x14000c6ea00)
	/Users/zhaoqiang/go/pkg/mod/github.com/zeromicro/go-zero@v1.4.0/rest/handler/gunziphandler.go:26 +0x124
net/http.HandlerFunc.ServeHTTP(0x14000528960, {0x101a44b08, 0x14000d24060}, 0x14000c6ea00)
	/usr/local/go/src/net/http/server.go:2046 +0x40
github.com/zeromicro/go-zero/rest/handler.MaxBytesHandler.func2.1({0x101a44b08, 0x14000d24060}, 0x14000c6ea00)
	/Users/zhaoqiang/go/pkg/mod/github.com/zeromicro/go-zero@v1.4.0/rest/handler/maxbyteshandler.go:24 +0x110
net/http.HandlerFunc.ServeHTTP(0x14000279a40, {0x101a44b08, 0x14000d24060}, 0x14000c6ea00)
	/usr/local/go/src/net/http/server.go:2046 +0x40
github.com/zeromicro/go-zero/rest/handler.MetricHandler.func1.1({0x101a44b08, 0x14000d24060}, 0x14000c6ea00)
	/Users/zhaoqiang/go/pkg/mod/github.com/zeromicro/go-zero@v1.4.0/rest/handler/metrichandler.go:21 +0xc8
net/http.HandlerFunc.ServeHTTP(0x14000279a60, {0x101a44b08, 0x14000d24060}, 0x14000c6ea00)
	/usr/local/go/src/net/http/server.go:2046 +0x40
github.com/zeromicro/go-zero/rest/handler.RecoverHandler.func1({0x101a44b08, 0x14000d24060}, 0x14000c6ea00)
	/Users/zhaoqiang/go/pkg/mod/github.com/zeromicro/go-zero@v1.4.0/rest/handler/recoverhandler.go:21 +0x8c
net/http.HandlerFunc.ServeHTTP(0x14000528978, {0x101a44b08, 0x14000d24060}, 0x14000c6ea00)
	/usr/local/go/src/net/http/server.go:2046 +0x40
github.com/zeromicro/go-zero/rest/handler.(*timeoutHandler).ServeHTTP.func1(0x14000d240c0, 0x14000528990, 0x14000d24060, 0x14000c6ea00, 0x14000782fc0)
	/Users/zhaoqiang/go/pkg/mod/github.com/zeromicro/go-zero@v1.4.0/rest/handler/timeouthandler.go:79 +0x78
created by github.com/zeromicro/go-zero/rest/handler.(*timeoutHandler).ServeHTTP
	/Users/zhaoqiang/go/pkg/mod/github.com/zeromicro/go-zero@v1.4.0/rest/handler/timeouthandler.go:73 +0x430
	trace=69d14caaca6251fd309682b4a96eb941	span=6a9178de6721c50c	caller=internal/log.go:57
2023-04-09T23:50:52.250+08:00	[31;1m error [0m	[HTTP] [103;90;1m 500 [0m - [44;97;1m GET [0m /api/v1/monitoring/store/file/envselect - 192.168.1.3 - Mozilla/5.0 (Macintosh; Intel Mac OS X 10_15_7) AppleWebKit/537.36 (KHTML, like Gecko) Chrome/111.0.0.0 Safari/537.36
GET /api/v1/monitoring/store/file/envselect HTTP/1.1
Host: localhost:8888
Connection: close
Accept: */*
Accept-Encoding: gzip, deflate
Accept-Language: zh-CN,zh;q=0.9
Authorization: Bearer eyJhbGciOiJIUzI1NiIsInR5cCI6IkpXVCJ9.eyJleHAiOjE2ODExNDEwNjEsImlhdCI6MTY4MTA1NDY2MSwidXNlcklEIjoxLCJ1c2VyTmFtZSI6ImFkbWluIn0.RSfA1EANaeWG1cNaBDkJdHL5zZM6rc1d-0L-5GsCsRU
Cache-Control: no-cache
Connection: close
Pragma: no-cache
Referer: http://192.168.1.3:8081/
User-Agent: Mozilla/5.0 (Macintosh; Intel Mac OS X 10_15_7) AppleWebKit/537.36 (KHTML, like Gecko) Chrome/111.0.0.0 Safari/537.36
X-Forwarded-For: 192.168.1.3
X-Forwarded-Host: 192.168.1.3:8081
X-Forwarded-Port: 8081
X-Forwarded-Proto: http

	duration=144.5ms	trace=69d14caaca6251fd309682b4a96eb941	span=6a9178de6721c50c	caller=handler/loghandler.go:199
2023-04-09T23:57:01.878+08:00	[31;1m error [0m	[HTTP] [103;90;1m 500 [0m - [44;97;1m GET [0m /api/v1/monitoring/store/file/envselect - 192.168.1.3 - Mozilla/5.0 (Macintosh; Intel Mac OS X 10_15_7) AppleWebKit/537.36 (KHTML, like Gecko) Chrome/111.0.0.0 Safari/537.36
GET /api/v1/monitoring/store/file/envselect HTTP/1.1
Host: localhost:8888
Connection: close
Accept: */*
Accept-Encoding: gzip, deflate
Accept-Language: zh-CN,zh;q=0.9
Authorization: Bearer eyJhbGciOiJIUzI1NiIsInR5cCI6IkpXVCJ9.eyJleHAiOjE2ODExNDEwNjEsImlhdCI6MTY4MTA1NDY2MSwidXNlcklEIjoxLCJ1c2VyTmFtZSI6ImFkbWluIn0.RSfA1EANaeWG1cNaBDkJdHL5zZM6rc1d-0L-5GsCsRU
Cache-Control: no-cache
Connection: close
Pragma: no-cache
Referer: http://192.168.1.3:8081/
User-Agent: Mozilla/5.0 (Macintosh; Intel Mac OS X 10_15_7) AppleWebKit/537.36 (KHTML, like Gecko) Chrome/111.0.0.0 Safari/537.36
X-Forwarded-For: 192.168.1.3
X-Forwarded-Host: 192.168.1.3:8081
X-Forwarded-Port: 8081
X-Forwarded-Proto: http

	duration=95.7ms	trace=f380ef463231a9ed7db30a6fbebac3e9	span=6fe3c75723ab98c5	caller=handler/loghandler.go:199
al/handler/monitoring/store/file/envselecthandler.go:14 +0xa4
github.com/zhaoqiang0201/zero-vue-admin/server/app/api-gateway/internal/middleware.(*CasbinMiddleware).Handle.func1({0x101a44b08, 0x14000b8e120}, 0x14000c2a000)
	/Users/zhaoqiang/Documents/owner项目/zero-vue-admin/server/app/api-gateway/internal/middleware/casbinmiddleware.go:62 +0x850
github.com/zhaoqiang0201/zero-vue-admin/server/app/api-gateway/internal/middleware.(*CheckUserExistsMiddleware).Handle.func1({0x101a44b08, 0x14000b8e120}, 0x140003e8e00)
	/Users/zhaoqiang/Documents/owner项目/zero-vue-admin/server/app/api-gateway/internal/middleware/checkuserexistsmiddleware.go:44 +0x3a4
github.com/zhaoqiang0201/zero-vue-admin/server/app/api-gateway/internal/middleware.(*ParseJWTTokenMiddleware).Handle.func1({0x101a44b08, 0x14000b8e120}, 0x140003e8d00)
	/Users/zhaoqiang/Documents/owner项目/zero-vue-admin/server/app/api-gateway/internal/middleware/parsejwttokenmiddleware.go:76 +0x6f4
net/http.HandlerFunc.ServeHTTP(0x140006e3420, {0x101a44b08, 0x14000b8e120}, 0x140003e8d00)
	/usr/local/go/src/net/http/server.go:2046 +0x40
github.com/zeromicro/go-zero/rest/handler.Authorize.func1.1({0x101a44b08, 0x14000b8e120}, 0x140003e8c00)
	/Users/zhaoqiang/go/pkg/mod/github.com/zeromicro/go-zero@v1.4.0/rest/handler/authhandler.go:81 +0x5dc
net/http.HandlerFunc.ServeHTTP(0x14000709fc0, {0x101a44b08, 0x14000b8e120}, 0x140003e8c00)
	/usr/local/go/src/net/http/server.go:2046 +0x40
github.com/zeromicro/go-zero/rest/handler.GunzipHandler.func1({0x101a44b08, 0x14000b8e120}, 0x140003e8c00)
	/Users/zhaoqiang/go/pkg/mod/github.com/zeromicro/go-zero@v1.4.0/rest/handler/gunziphandler.go:26 +0x124
net/http.HandlerFunc.ServeHTTP(0x14000528960, {0x101a44b08, 0x14000b8e120}, 0x140003e8c00)
	/usr/local/go/src/net/http/server.go:2046 +0x40
github.com/zeromicro/go-zero/rest/handler.MaxBytesHandler.func2.1({0x101a44b08, 0x14000b8e120}, 0x140003e8c00)
	/Users/zhaoqiang/go/pkg/mod/github.com/zeromicro/go-zero@v1.4.0/rest/handler/maxbyteshandler.go:24 +0x110
net/http.HandlerFunc.ServeHTTP(0x14000279a40, {0x101a44b08, 0x14000b8e120}, 0x140003e8c00)
	/usr/local/go/src/net/http/server.go:2046 +0x40
github.com/zeromicro/go-zero/rest/handler.MetricHandler.func1.1({0x101a44b08, 0x14000b8e120}, 0x140003e8c00)
	/Users/zhaoqiang/go/pkg/mod/github.com/zeromicro/go-zero@v1.4.0/rest/handler/metrichandler.go:21 +0xc8
net/http.HandlerFunc.ServeHTTP(0x14000279a60, {0x101a44b08, 0x14000b8e120}, 0x140003e8c00)
	/usr/local/go/src/net/http/server.go:2046 +0x40
github.com/zeromicro/go-zero/rest/handler.RecoverHandler.func1({0x101a44b08, 0x14000b8e120}, 0x140003e8c00)
	/Users/zhaoqiang/go/pkg/mod/github.com/zeromicro/go-zero@v1.4.0/rest/handler/recoverhandler.go:21 +0x8c
net/http.HandlerFunc.ServeHTTP(0x14000528978, {0x101a44b08, 0x14000b8e120}, 0x140003e8c00)
	/usr/local/go/src/net/http/server.go:2046 +0x40
github.com/zeromicro/go-zero/rest/handler.(*timeoutHandler).ServeHTTP.func1(0x14000b8e180, 0x14000528990, 0x14000b8e120, 0x140003e8c00, 0x140009761e0)
	/Users/zhaoqiang/go/pkg/mod/github.com/zeromicro/go-zero@v1.4.0/rest/handler/timeouthandler.go:79 +0x78
created by github.com/zeromicro/go-zero/rest/handler.(*timeoutHandler).ServeHTTP
	/Users/zhaoqiang/go/pkg/mod/github.com/zeromicro/go-zero@v1.4.0/rest/handler/timeouthandler.go:73 +0x430
	trace=f380ef463231a9ed7db30a6fbebac3e9	span=6fe3c75723ab98c5	caller=internal/log.go:57
2023-04-09T23:57:01.878+08:00	[31;1m error [0m	[HTTP] [103;90;1m 500 [0m - [44;97;1m GET [0m /api/v1/monitoring/store/file/envselect - 192.168.1.3 - Mozilla/5.0 (Macintosh; Intel Mac OS X 10_15_7) AppleWebKit/537.36 (KHTML, like Gecko) Chrome/111.0.0.0 Safari/537.36
GET /api/v1/monitoring/store/file/envselect HTTP/1.1
Host: localhost:8888
Connection: close
Accept: */*
Accept-Encoding: gzip, deflate
Accept-Language: zh-CN,zh;q=0.9
Authorization: Bearer eyJhbGciOiJIUzI1NiIsInR5cCI6IkpXVCJ9.eyJleHAiOjE2ODExNDEwNjEsImlhdCI6MTY4MTA1NDY2MSwidXNlcklEIjoxLCJ1c2VyTmFtZSI6ImFkbWluIn0.RSfA1EANaeWG1cNaBDkJdHL5zZM6rc1d-0L-5GsCsRU
Cache-Control: no-cache
Connection: close
Pragma: no-cache
Referer: http://192.168.1.3:8081/
User-Agent: Mozilla/5.0 (Macintosh; Intel Mac OS X 10_15_7) AppleWebKit/537.36 (KHTML, like Gecko) Chrome/111.0.0.0 Safari/537.36
X-Forwarded-For: 192.168.1.3
X-Forwarded-Host: 192.168.1.3:8081
X-Forwarded-Port: 8081
X-Forwarded-Proto: http

	duration=95.7ms	trace=f380ef463231a9ed7db30a6fbebac3e9	span=6fe3c75723ab98c5	caller=handler/loghandler.go:199
monitoringmanager.rpc/to "monitoringmanager.rpc"7.0.0.1:2379 Endpoint:monitoringmanager.rpc URL:{Scheme:2023-11-17T02:36:15.137+08:00	[31;1m error [0m	bad resolver state	caller=internal/discovbuilder.go:34
2023-11-17T02:36:20.083+08:00	[31;1m error [0m	[otel] error: Post "http://192.168.162.128:14268/api/traces": dial tcp 192.168.162.128:14268: connect: connection refused	caller=trace/agent.go:82
2023-11-17T02:36:25.077+08:00	[31;1m error [0m	[otel] error: Post "http://192.168.162.128:14268/api/traces": dial tcp 192.168.162.128:14268: connect: connection refused	caller=trace/agent.go:82
