2023-11-17T02:36:24.133+08:00	[31;1m fatal [0m	xxx-1
goroutine 129 [running]:
runtime/debug.Stack()
	/usr/local/SDK/go/src/runtime/debug/stack.go:24 +0x64
github.com/zeromicro/go-zero/core/logx.severeSync({0x14000bc6560, 0x5})
	/Users/zhaoqiang/Documents/owner项目/zero-vue-admin/server/vendor/github.com/zeromicro/go-zero/core/logx/logs.go:426 +0x48
github.com/zeromicro/go-zero/core/logx.Severef({0x10175bf6d?, 0x0?}, {0x140008d1318?, 0x1007659a4?, 0x14000834820?})
	/Users/zhaoqiang/Documents/owner项目/zero-vue-admin/server/vendor/github.com/zeromicro/go-zero/core/logx/logs.go:248 +0x28
github.com/zhaoqiang0201/zero-vue-admin/server/app/api-gateway/internal/logic/monitoring/hosts.(*CreateUpdateSlienceLogic).CreateUpdateSlience.func1(0x14000bc3e60?)
	/Users/zhaoqiang/Documents/owner项目/zero-vue-admin/server/app/api-gateway/internal/logic/monitoring/hosts/createupdatesliencelogic.go:32 +0x64
gorm.io/gorm.(*DB).Transaction(0x14000bc3e60, 0x14000baf8d0, {0x0, 0x0, 0x0})
	/Users/zhaoqiang/Documents/owner项目/zero-vue-admin/server/vendor/gorm.io/gorm/finisher_api.go:647 +0x1e4
github.com/zhaoqiang0201/zero-vue-admin/server/app/api-gateway/internal/logic/monitoring/hosts.(*CreateUpdateSlienceLogic).CreateUpdateSlience(0x140008d1690, 0x14000ba31a0)
	/Users/zhaoqiang/Documents/owner项目/zero-vue-admin/server/app/api-gateway/internal/logic/monitoring/hosts/createupdatesliencelogic.go:30 +0x8c
github.com/zhaoqiang0201/zero-vue-admin/server/app/api-gateway/internal/handler/monitoring/hosts.CreateUpdateSlienceHandler.func1({0x1020ab0d0, 0x14000a86ba0}, 0x14000bb6000)
	/Users/zhaoqiang/Documents/owner项目/zero-vue-admin/server/app/api-gateway/internal/handler/monitoring/hosts/createupdatesliencehandler.go:26 +0x14c
github.com/zhaoqiang0201/zero-vue-admin/server/app/api-gateway/internal/middleware.(*CasbinMiddleware).Handle.func1({0x1020ab0d0, 0x14000a86ba0}, 0x14000877d00)
	/Users/zhaoqiang/Documents/owner项目/zero-vue-admin/server/app/api-gateway/internal/middleware/casbinmiddleware.go:62 +0x5f8
github.com/zhaoqiang0201/zero-vue-admin/server/app/api-gateway/internal/middleware.(*CheckUserExistsMiddleware).Handle.func1({0x1020ab0d0, 0x14000a86ba0}, 0x14000877a00)
	/Users/zhaoqiang/Documents/owner项目/zero-vue-admin/server/app/api-gateway/internal/middleware/checkuserexistsmiddleware.go:44 +0x214
github.com/zhaoqiang0201/zero-vue-admin/server/app/api-gateway/internal/middleware.(*ParseJWTTokenMiddleware).Handle.func1({0x1020ab0d0, 0x14000a86ba0}, 0x14000877900)
	/Users/zhaoqiang/Documents/owner项目/zero-vue-admin/server/app/api-gateway/internal/middleware/parsejwttokenmiddleware.go:76 +0x4ac
net/http.HandlerFunc.ServeHTTP(0x14000badc78?, {0x1020ab0d0?, 0x14000a86ba0?}, 0x14000bae0b0?)
	/usr/local/SDK/go/src/net/http/server.go:2122 +0x38
github.com/zeromicro/go-zero/rest/handler.Authorize.func1.1({0x1020ab0d0, 0x14000a86ba0}, 0x14000877800)
	/Users/zhaoqiang/Documents/owner项目/zero-vue-admin/server/vendor/github.com/zeromicro/go-zero/rest/handler/authhandler.go:81 +0x384
net/http.HandlerFunc.ServeHTTP(0x0?, {0x1020ab0d0?, 0x14000a86ba0?}, 0x10039bc94?)
	/usr/local/SDK/go/src/net/http/server.go:2122 +0x38
github.com/zeromicro/go-zero/rest/handler.GunzipHandler.func1({0x1020ab0d0, 0x14000a86ba0}, 0x14000877800)
	/Users/zhaoqiang/Documents/owner项目/zero-vue-admin/server/vendor/github.com/zeromicro/go-zero/rest/handler/gunziphandler.go:26 +0xe4
net/http.HandlerFunc.ServeHTTP(0x102f84dc0?, {0x1020ab0d0?, 0x14000a86ba0?}, 0x102f84dc0?)
	/usr/local/SDK/go/src/net/http/server.go:2122 +0x38
github.com/zeromicro/go-zero/rest/handler.MaxBytesHandler.func2.1({0x1020ab0d0?, 0x14000a86ba0?}, 0xedadcf49f?)
	/Users/zhaoqiang/Documents/owner项目/zero-vue-admin/server/vendor/github.com/zeromicro/go-zero/rest/handler/maxbyteshandler.go:24 +0xf0
net/http.HandlerFunc.ServeHTTP(0x1400071fe98?, {0x1020ab0d0?, 0x14000a86ba0?}, 0x10e60ea1d?)
	/usr/local/SDK/go/src/net/http/server.go:2122 +0x38
github.com/zeromicro/go-zero/rest/handler.MetricHandler.func1.1({0x1020ab0d0, 0x14000a86ba0}, 0x1400071ff38?)
	/Users/zhaoqiang/Documents/owner项目/zero-vue-admin/server/vendor/github.com/zeromicro/go-zero/rest/handler/metrichandler.go:21 +0xcc
net/http.HandlerFunc.ServeHTTP(0x79dc6665dd3868?, {0x1020ab0d0?, 0x14000a86ba0?}, 0x140004227b8?)
	/usr/local/SDK/go/src/net/http/server.go:2122 +0x38
github.com/zeromicro/go-zero/rest/handler.RecoverHandler.func1({0x1020ab0d0?, 0x14000a86ba0?}, 0x14000a86a80?)
	/Users/zhaoqiang/Documents/owner项目/zero-vue-admin/server/vendor/github.com/zeromicro/go-zero/rest/handler/recoverhandler.go:21 +0x78
net/http.HandlerFunc.ServeHTTP(0x1400071ff40?, {0x1020ab0d0?, 0x14000a86ba0?}, 0x1007729e8?)
	/usr/local/SDK/go/src/net/http/server.go:2122 +0x38
github.com/zeromicro/go-zero/rest/handler.(*timeoutHandler).ServeHTTP.func1()
	/Users/zhaoqiang/Documents/owner项目/zero-vue-admin/server/vendor/github.com/zeromicro/go-zero/rest/handler/timeouthandler.go:79 +0x74
created by github.com/zeromicro/go-zero/rest/handler.(*timeoutHandler).ServeHTTP
	/Users/zhaoqiang/Documents/owner项目/zero-vue-admin/server/vendor/github.com/zeromicro/go-zero/rest/handler/timeouthandler.go:73 +0x2d4
	caller=hosts/createupdatesliencelogic.go:32
