2022-09-02T02:30:23.197+08:00	[32;1m stat [0m	CPU: 0m, MEMORY: Alloc=3.2Mi, TotalAlloc=5.9Mi, Sys=15.9Mi, NumGC=2	caller=stat/usage.go:61
2022-09-02T02:30:23.215+08:00	[32;1m stat [0m	(rpc) shedding_stat [1m], cpu: 0, total: 0, pass: 0, drop: 0	caller=load/sheddingstat.go:61
2022-09-02T02:31:23.193+08:00	[32;1m stat [0m	CPU: 0m, MEMORY: Alloc=3.4Mi, TotalAlloc=6.0Mi, Sys=15.9Mi, NumGC=2	caller=stat/usage.go:61
2022-09-02T02:31:23.201+08:00	[32;1m stat [0m	(rpc) shedding_stat [1m], cpu: 0, total: 0, pass: 0, drop: 0	caller=load/sheddingstat.go:61
2022-09-02T02:33:21.851+08:00	[32;1m stat [0m	CPU: 0m, MEMORY: Alloc=3.4Mi, TotalAlloc=6.5Mi, Sys=16.4Mi, NumGC=3	caller=stat/usage.go:61
2022-09-02T02:33:21.860+08:00	[32;1m stat [0m	(rpc) shedding_stat [1m], cpu: 0, total: 1, pass: 1, drop: 0	caller=load/sheddingstat.go:61
2022-09-02T02:33:40.601+08:00	[32;1m stat [0m	(sysuser.rpc) - qps: 0.0/s, drops: 0, avg time: 45.0ms, med: 45.5ms, 90th: 45.5ms, 99th: 45.5ms, 99.9th: 45.5ms	caller=stat/metrics.go:210
2022-09-02T02:34:58.739+08:00	[32;1m stat [0m	CPU: 0m, MEMORY: Alloc=3.0Mi, TotalAlloc=6.1Mi, Sys=16.4Mi, NumGC=3	caller=stat/usage.go:61
2022-09-02T02:34:58.750+08:00	[32;1m stat [0m	(rpc) shedding_stat [1m], cpu: 0, total: 2, pass: 2, drop: 0	caller=load/sheddingstat.go:61
2022-09-02T02:35:06.135+08:00	[32;1m stat [0m	(sysuser.rpc) - qps: 0.0/s, drops: 0, avg time: 32.5ms, med: 59.7ms, 90th: 59.7ms, 99th: 59.7ms, 99.9th: 59.7ms	caller=stat/metrics.go:210
2022-09-02T02:35:58.738+08:00	[32;1m stat [0m	CPU: 0m, MEMORY: Alloc=3.3Mi, TotalAlloc=6.3Mi, Sys=16.4Mi, NumGC=3	caller=stat/usage.go:61
2022-09-02T02:35:58.749+08:00	[32;1m stat [0m	(rpc) shedding_stat [1m], cpu: 0, total: 1, pass: 1, drop: 0	caller=load/sheddingstat.go:61
2022-09-02T02:36:06.134+08:00	[32;1m stat [0m	(sysuser.rpc) - qps: 0.0/s, drops: 0, avg time: 16.0ms, med: 16.1ms, 90th: 16.1ms, 99th: 16.1ms, 99.9th: 16.1ms	caller=stat/metrics.go:210
2022-09-02T02:36:58.737+08:00	[32;1m stat [0m	CPU: 0m, MEMORY: Alloc=3.1Mi, TotalAlloc=6.4Mi, Sys=16.4Mi, NumGC=4	caller=stat/usage.go:61
2022-09-02T02:36:58.747+08:00	[32;1m stat [0m	(rpc) shedding_stat [1m], cpu: 0, total: 0, pass: 0, drop: 0	caller=load/sheddingstat.go:61
2022-09-02T02:37:06.134+08:00	[32;1m stat [0m	(sysuser.rpc) - qps: 0.0/s, drops: 0, avg time: 0.0ms, med: 0.0ms, 90th: 0.0ms, 99th: 0.0ms, 99.9th: 0.0ms	caller=stat/metrics.go:210
2022-09-02T02:37:58.735+08:00	[32;1m stat [0m	CPU: 0m, MEMORY: Alloc=3.2Mi, TotalAlloc=6.4Mi, Sys=16.4Mi, NumGC=4	caller=stat/usage.go:61
2022-09-02T02:37:58.746+08:00	[32;1m stat [0m	(rpc) shedding_stat [1m], cpu: 0, total: 0, pass: 0, drop: 0	caller=load/sheddingstat.go:61
2022-09-02T02:38:06.132+08:00	[32;1m stat [0m	(sysuser.rpc) - qps: 0.0/s, drops: 0, avg time: 0.0ms, med: 0.0ms, 90th: 0.0ms, 99th: 0.0ms, 99.9th: 0.0ms	caller=stat/metrics.go:210
2022-09-02T02:38:58.733+08:00	[32;1m stat [0m	CPU: 0m, MEMORY: Alloc=3.1Mi, TotalAlloc=6.5Mi, Sys=16.4Mi, NumGC=5	caller=stat/usage.go:61
2022-09-02T02:38:58.744+08:00	[32;1m stat [0m	(rpc) shedding_stat [1m], cpu: 0, total: 0, pass: 0, drop: 0	caller=load/sheddingstat.go:61
2022-09-02T02:39:06.129+08:00	[32;1m stat [0m	(sysuser.rpc) - qps: 0.0/s, drops: 0, avg time: 0.0ms, med: 0.0ms, 90th: 0.0ms, 99th: 0.0ms, 99.9th: 0.0ms	caller=stat/metrics.go:210
2022-09-02T02:39:58.732+08:00	[32;1m stat [0m	CPU: 0m, MEMORY: Alloc=3.2Mi, TotalAlloc=6.6Mi, Sys=16.4Mi, NumGC=5	caller=stat/usage.go:61
2022-09-02T02:39:58.743+08:00	[32;1m stat [0m	(rpc) shedding_stat [1m], cpu: 0, total: 0, pass: 0, drop: 0	caller=load/sheddingstat.go:61
2022-09-02T02:40:06.127+08:00	[32;1m stat [0m	(sysuser.rpc) - qps: 0.0/s, drops: 0, avg time: 0.0ms, med: 0.0ms, 90th: 0.0ms, 99th: 0.0ms, 99.9th: 0.0ms	caller=stat/metrics.go:210
2022-09-02T02:40:58.731+08:00	[32;1m stat [0m	CPU: 0m, MEMORY: Alloc=3.0Mi, TotalAlloc=6.6Mi, Sys=16.4Mi, NumGC=6	caller=stat/usage.go:61
2022-09-02T02:40:58.741+08:00	[32;1m stat [0m	(rpc) shedding_stat [1m], cpu: 0, total: 0, pass: 0, drop: 0	caller=load/sheddingstat.go:61
2022-09-02T02:41:06.126+08:00	[32;1m stat [0m	(sysuser.rpc) - qps: 0.0/s, drops: 0, avg time: 0.0ms, med: 0.0ms, 90th: 0.0ms, 99th: 0.0ms, 99.9th: 0.0ms	caller=stat/metrics.go:210
2022-09-02T02:41:58.728+08:00	[32;1m stat [0m	CPU: 0m, MEMORY: Alloc=3.1Mi, TotalAlloc=6.7Mi, Sys=16.4Mi, NumGC=6	caller=stat/usage.go:61
2022-09-02T02:41:58.740+08:00	[32;1m stat [0m	(rpc) shedding_stat [1m], cpu: 0, total: 0, pass: 0, drop: 0	caller=load/sheddingstat.go:61
2022-09-02T02:42:06.125+08:00	[32;1m stat [0m	(sysuser.rpc) - qps: 0.0/s, drops: 0, avg time: 0.0ms, med: 0.0ms, 90th: 0.0ms, 99th: 0.0ms, 99.9th: 0.0ms	caller=stat/metrics.go:210
2022-09-02T02:42:58.727+08:00	[32;1m stat [0m	CPU: 0m, MEMORY: Alloc=3.0Mi, TotalAlloc=6.8Mi, Sys=16.4Mi, NumGC=7	caller=stat/usage.go:61
2022-09-02T02:42:58.738+08:00	[32;1m stat [0m	(rpc) shedding_stat [1m], cpu: 0, total: 0, pass: 0, drop: 0	caller=load/sheddingstat.go:61
2022-09-02T02:43:06.124+08:00	[32;1m stat [0m	(sysuser.rpc) - qps: 0.0/s, drops: 0, avg time: 0.0ms, med: 0.0ms, 90th: 0.0ms, 99th: 0.0ms, 99.9th: 0.0ms	caller=stat/metrics.go:210
2022-09-02T02:43:58.736+08:00	[32;1m stat [0m	CPU: 0m, MEMORY: Alloc=3.1Mi, TotalAlloc=6.8Mi, Sys=16.4Mi, NumGC=7	caller=stat/usage.go:61
2022-09-02T02:43:58.746+08:00	[32;1m stat [0m	(rpc) shedding_stat [1m], cpu: 0, total: 0, pass: 0, drop: 0	caller=load/sheddingstat.go:61
2022-09-02T02:44:06.133+08:00	[32;1m stat [0m	(sysuser.rpc) - qps: 0.0/s, drops: 0, avg time: 0.0ms, med: 0.0ms, 90th: 0.0ms, 99th: 0.0ms, 99.9th: 0.0ms	caller=stat/metrics.go:210
2022-09-02T02:44:58.739+08:00	[32;1m stat [0m	CPU: 0m, MEMORY: Alloc=3.0Mi, TotalAlloc=6.9Mi, Sys=16.4Mi, NumGC=8	caller=stat/usage.go:61
2022-09-02T02:44:58.750+08:00	[32;1m stat [0m	(rpc) shedding_stat [1m], cpu: 0, total: 0, pass: 0, drop: 0	caller=load/sheddingstat.go:61
2022-09-02T02:45:06.135+08:00	[32;1m stat [0m	(sysuser.rpc) - qps: 0.0/s, drops: 0, avg time: 0.0ms, med: 0.0ms, 90th: 0.0ms, 99th: 0.0ms, 99.9th: 0.0ms	caller=stat/metrics.go:210
2022-09-02T02:45:58.739+08:00	[32;1m stat [0m	CPU: 0m, MEMORY: Alloc=3.1Mi, TotalAlloc=7.0Mi, Sys=16.4Mi, NumGC=8	caller=stat/usage.go:61
2022-09-02T02:45:58.749+08:00	[32;1m stat [0m	(rpc) shedding_stat [1m], cpu: 0, total: 0, pass: 0, drop: 0	caller=load/sheddingstat.go:61
2022-09-02T02:46:06.137+08:00	[32;1m stat [0m	(sysuser.rpc) - qps: 0.0/s, drops: 0, avg time: 0.0ms, med: 0.0ms, 90th: 0.0ms, 99th: 0.0ms, 99.9th: 0.0ms	caller=stat/metrics.go:210
2022-09-02T02:46:58.736+08:00	[32;1m stat [0m	CPU: 0m, MEMORY: Alloc=3.0Mi, TotalAlloc=7.0Mi, Sys=16.4Mi, NumGC=9	caller=stat/usage.go:61
2022-09-02T02:46:58.747+08:00	[32;1m stat [0m	(rpc) shedding_stat [1m], cpu: 0, total: 0, pass: 0, drop: 0	caller=load/sheddingstat.go:61
2022-09-02T02:47:06.132+08:00	[32;1m stat [0m	(sysuser.rpc) - qps: 0.0/s, drops: 0, avg time: 0.0ms, med: 0.0ms, 90th: 0.0ms, 99th: 0.0ms, 99.9th: 0.0ms	caller=stat/metrics.go:210
2022-09-02T02:47:58.737+08:00	[32;1m stat [0m	CPU: 0m, MEMORY: Alloc=3.1Mi, TotalAlloc=7.1Mi, Sys=16.4Mi, NumGC=9	caller=stat/usage.go:61
2022-09-02T02:47:58.746+08:00	[32;1m stat [0m	(rpc) shedding_stat [1m], cpu: 0, total: 0, pass: 0, drop: 0	caller=load/sheddingstat.go:61
2022-09-02T02:48:06.130+08:00	[32;1m stat [0m	(sysuser.rpc) - qps: 0.0/s, drops: 0, avg time: 0.0ms, med: 0.0ms, 90th: 0.0ms, 99th: 0.0ms, 99.9th: 0.0ms	caller=stat/metrics.go:210
2022-09-02T02:48:58.733+08:00	[32;1m stat [0m	CPU: 0m, MEMORY: Alloc=3.0Mi, TotalAlloc=7.2Mi, Sys=16.4Mi, NumGC=10	caller=stat/usage.go:61
2022-09-02T02:48:58.744+08:00	[32;1m stat [0m	(rpc) shedding_stat [1m], cpu: 0, total: 0, pass: 0, drop: 0	caller=load/sheddingstat.go:61
2022-09-02T02:49:06.130+08:00	[32;1m stat [0m	(sysuser.rpc) - qps: 0.0/s, drops: 0, avg time: 0.0ms, med: 0.0ms, 90th: 0.0ms, 99th: 0.0ms, 99.9th: 0.0ms	caller=stat/metrics.go:210
2022-09-02T02:49:58.731+08:00	[32;1m stat [0m	CPU: 0m, MEMORY: Alloc=3.1Mi, TotalAlloc=7.2Mi, Sys=16.4Mi, NumGC=10	caller=stat/usage.go:61
2022-09-02T02:49:58.743+08:00	[32;1m stat [0m	(rpc) shedding_stat [1m], cpu: 0, total: 0, pass: 0, drop: 0	caller=load/sheddingstat.go:61
2022-09-02T02:50:06.128+08:00	[32;1m stat [0m	(sysuser.rpc) - qps: 0.0/s, drops: 0, avg time: 0.0ms, med: 0.0ms, 90th: 0.0ms, 99th: 0.0ms, 99.9th: 0.0ms	caller=stat/metrics.go:210
2022-09-02T02:50:58.731+08:00	[32;1m stat [0m	CPU: 0m, MEMORY: Alloc=3.0Mi, TotalAlloc=7.3Mi, Sys=16.4Mi, NumGC=11	caller=stat/usage.go:61
2022-09-02T02:50:58.742+08:00	[32;1m stat [0m	(rpc) shedding_stat [1m], cpu: 0, total: 0, pass: 0, drop: 0	caller=load/sheddingstat.go:61
2022-09-02T02:51:06.127+08:00	[32;1m stat [0m	(sysuser.rpc) - qps: 0.0/s, drops: 0, avg time: 0.0ms, med: 0.0ms, 90th: 0.0ms, 99th: 0.0ms, 99.9th: 0.0ms	caller=stat/metrics.go:210
2022-09-02T02:51:58.730+08:00	[32;1m stat [0m	CPU: 0m, MEMORY: Alloc=3.1Mi, TotalAlloc=7.4Mi, Sys=16.4Mi, NumGC=11	caller=stat/usage.go:61
2022-09-02T02:51:58.740+08:00	[32;1m stat [0m	(rpc) shedding_stat [1m], cpu: 0, total: 0, pass: 0, drop: 0	caller=load/sheddingstat.go:61
2022-09-02T02:52:06.126+08:00	[32;1m stat [0m	(sysuser.rpc) - qps: 0.0/s, drops: 0, avg time: 0.0ms, med: 0.0ms, 90th: 0.0ms, 99th: 0.0ms, 99.9th: 0.0ms	caller=stat/metrics.go:210
2022-09-02T02:52:58.728+08:00	[32;1m stat [0m	CPU: 0m, MEMORY: Alloc=3.0Mi, TotalAlloc=7.4Mi, Sys=16.4Mi, NumGC=12	caller=stat/usage.go:61
2022-09-02T02:52:58.739+08:00	[32;1m stat [0m	(rpc) shedding_stat [1m], cpu: 0, total: 0, pass: 0, drop: 0	caller=load/sheddingstat.go:61
2022-09-02T02:53:06.124+08:00	[32;1m stat [0m	(sysuser.rpc) - qps: 0.0/s, drops: 0, avg time: 0.0ms, med: 0.0ms, 90th: 0.0ms, 99th: 0.0ms, 99.9th: 0.0ms	caller=stat/metrics.go:210
2022-09-02T02:53:58.727+08:00	[32;1m stat [0m	CPU: 0m, MEMORY: Alloc=3.1Mi, TotalAlloc=7.5Mi, Sys=16.4Mi, NumGC=12	caller=stat/usage.go:61
2022-09-02T02:53:58.738+08:00	[32;1m stat [0m	(rpc) shedding_stat [1m], cpu: 0, total: 0, pass: 0, drop: 0	caller=load/sheddingstat.go:61
2022-09-02T02:54:06.122+08:00	[32;1m stat [0m	(sysuser.rpc) - qps: 0.0/s, drops: 0, avg time: 0.0ms, med: 0.0ms, 90th: 0.0ms, 99th: 0.0ms, 99.9th: 0.0ms	caller=stat/metrics.go:210
2022-09-02T02:54:58.725+08:00	[32;1m stat [0m	CPU: 0m, MEMORY: Alloc=3.0Mi, TotalAlloc=7.6Mi, Sys=16.4Mi, NumGC=13	caller=stat/usage.go:61
2022-09-02T02:54:58.736+08:00	[32;1m stat [0m	(rpc) shedding_stat [1m], cpu: 0, total: 0, pass: 0, drop: 0	caller=load/sheddingstat.go:61
2022-09-02T02:55:06.122+08:00	[32;1m stat [0m	(sysuser.rpc) - qps: 0.0/s, drops: 0, avg time: 0.0ms, med: 0.0ms, 90th: 0.0ms, 99th: 0.0ms, 99.9th: 0.0ms	caller=stat/metrics.go:210
2022-09-02T02:55:58.726+08:00	[32;1m stat [0m	CPU: 0m, MEMORY: Alloc=3.1Mi, TotalAlloc=7.6Mi, Sys=16.4Mi, NumGC=13	caller=stat/usage.go:61
2022-09-02T02:55:58.735+08:00	[32;1m stat [0m	(rpc) shedding_stat [1m], cpu: 0, total: 0, pass: 0, drop: 0	caller=load/sheddingstat.go:61
2022-09-02T02:56:06.121+08:00	[32;1m stat [0m	(sysuser.rpc) - qps: 0.0/s, drops: 0, avg time: 0.0ms, med: 0.0ms, 90th: 0.0ms, 99th: 0.0ms, 99.9th: 0.0ms	caller=stat/metrics.go:210
2022-09-02T02:56:58.722+08:00	[32;1m stat [0m	CPU: 0m, MEMORY: Alloc=3.0Mi, TotalAlloc=7.7Mi, Sys=16.4Mi, NumGC=14	caller=stat/usage.go:61
2022-09-02T02:56:58.733+08:00	[32;1m stat [0m	(rpc) shedding_stat [1m], cpu: 0, total: 0, pass: 0, drop: 0	caller=load/sheddingstat.go:61
2022-09-02T02:57:06.119+08:00	[32;1m stat [0m	(sysuser.rpc) - qps: 0.0/s, drops: 0, avg time: 0.0ms, med: 0.0ms, 90th: 0.0ms, 99th: 0.0ms, 99.9th: 0.0ms	caller=stat/metrics.go:210
2022-09-02T02:57:58.724+08:00	[32;1m stat [0m	CPU: 0m, MEMORY: Alloc=3.1Mi, TotalAlloc=7.8Mi, Sys=16.4Mi, NumGC=14	caller=stat/usage.go:61
2022-09-02T02:57:58.732+08:00	[32;1m stat [0m	(rpc) shedding_stat [1m], cpu: 0, total: 0, pass: 0, drop: 0	caller=load/sheddingstat.go:61
2022-09-02T02:58:06.117+08:00	[32;1m stat [0m	(sysuser.rpc) - qps: 0.0/s, drops: 0, avg time: 0.0ms, med: 0.0ms, 90th: 0.0ms, 99th: 0.0ms, 99.9th: 0.0ms	caller=stat/metrics.go:210
2022-09-02T02:58:58.861+08:00	[32;1m stat [0m	CPU: 0m, MEMORY: Alloc=3.0Mi, TotalAlloc=7.8Mi, Sys=16.4Mi, NumGC=15	caller=stat/usage.go:61
2022-09-02T02:58:58.872+08:00	[32;1m stat [0m	(rpc) shedding_stat [1m], cpu: 0, total: 0, pass: 0, drop: 0	caller=load/sheddingstat.go:61
2022-09-02T02:59:06.257+08:00	[32;1m stat [0m	(sysuser.rpc) - qps: 0.0/s, drops: 0, avg time: 0.0ms, med: 0.0ms, 90th: 0.0ms, 99th: 0.0ms, 99.9th: 0.0ms	caller=stat/metrics.go:210
2022-09-02T02:59:58.861+08:00	[32;1m stat [0m	CPU: 0m, MEMORY: Alloc=3.1Mi, TotalAlloc=7.9Mi, Sys=16.4Mi, NumGC=15	caller=stat/usage.go:61
2022-09-02T02:59:58.873+08:00	[32;1m stat [0m	(rpc) shedding_stat [1m], cpu: 0, total: 0, pass: 0, drop: 0	caller=load/sheddingstat.go:61
2022-09-02T03:00:06.257+08:00	[32;1m stat [0m	(sysuser.rpc) - qps: 0.0/s, drops: 0, avg time: 0.0ms, med: 0.0ms, 90th: 0.0ms, 99th: 0.0ms, 99.9th: 0.0ms	caller=stat/metrics.go:210
2022-09-02T03:00:58.861+08:00	[32;1m stat [0m	CPU: 0m, MEMORY: Alloc=3.0Mi, TotalAlloc=8.0Mi, Sys=16.4Mi, NumGC=16	caller=stat/usage.go:61
2022-09-02T03:00:58.872+08:00	[32;1m stat [0m	(rpc) shedding_stat [1m], cpu: 0, total: 0, pass: 0, drop: 0	caller=load/sheddingstat.go:61
2022-09-02T03:01:06.257+08:00	[32;1m stat [0m	(sysuser.rpc) - qps: 0.0/s, drops: 0, avg time: 0.0ms, med: 0.0ms, 90th: 0.0ms, 99th: 0.0ms, 99.9th: 0.0ms	caller=stat/metrics.go:210
2022-09-02T03:01:58.860+08:00	[32;1m stat [0m	CPU: 0m, MEMORY: Alloc=3.1Mi, TotalAlloc=8.0Mi, Sys=16.4Mi, NumGC=16	caller=stat/usage.go:61
2022-09-02T03:01:58.872+08:00	[32;1m stat [0m	(rpc) shedding_stat [1m], cpu: 0, total: 0, pass: 0, drop: 0	caller=load/sheddingstat.go:61
2022-09-02T03:02:06.257+08:00	[32;1m stat [0m	(sysuser.rpc) - qps: 0.0/s, drops: 0, avg time: 0.0ms, med: 0.0ms, 90th: 0.0ms, 99th: 0.0ms, 99.9th: 0.0ms	caller=stat/metrics.go:210
2022-09-02T03:02:58.860+08:00	[32;1m stat [0m	CPU: 0m, MEMORY: Alloc=3.0Mi, TotalAlloc=8.1Mi, Sys=16.4Mi, NumGC=17	caller=stat/usage.go:61
2022-09-02T03:02:58.872+08:00	[32;1m stat [0m	(rpc) shedding_stat [1m], cpu: 0, total: 0, pass: 0, drop: 0	caller=load/sheddingstat.go:61
2022-09-02T03:03:06.257+08:00	[32;1m stat [0m	(sysuser.rpc) - qps: 0.0/s, drops: 0, avg time: 0.0ms, med: 0.0ms, 90th: 0.0ms, 99th: 0.0ms, 99.9th: 0.0ms	caller=stat/metrics.go:210
2022-09-02T03:03:58.860+08:00	[32;1m stat [0m	CPU: 0m, MEMORY: Alloc=3.1Mi, TotalAlloc=8.2Mi, Sys=16.4Mi, NumGC=17	caller=stat/usage.go:61
2022-09-02T03:03:58.871+08:00	[32;1m stat [0m	(rpc) shedding_stat [1m], cpu: 0, total: 0, pass: 0, drop: 0	caller=load/sheddingstat.go:61
2022-09-02T03:04:06.257+08:00	[32;1m stat [0m	(sysuser.rpc) - qps: 0.0/s, drops: 0, avg time: 0.0ms, med: 0.0ms, 90th: 0.0ms, 99th: 0.0ms, 99.9th: 0.0ms	caller=stat/metrics.go:210
2022-09-02T03:04:58.860+08:00	[32;1m stat [0m	CPU: 0m, MEMORY: Alloc=3.0Mi, TotalAlloc=8.2Mi, Sys=16.4Mi, NumGC=18	caller=stat/usage.go:61
2022-09-02T03:04:58.871+08:00	[32;1m stat [0m	(rpc) shedding_stat [1m], cpu: 0, total: 0, pass: 0, drop: 0	caller=load/sheddingstat.go:61
2022-09-02T03:06:29.202+08:00	[32;1m stat [0m	CPU: 0m, MEMORY: Alloc=4.7Mi, TotalAlloc=8.9Mi, Sys=20.4Mi, NumGC=4	caller=stat/usage.go:61
2022-09-02T03:06:29.214+08:00	[32;1m stat [0m	(rpc) shedding_stat [1m], cpu: 0, total: 2, pass: 2, drop: 0	caller=load/sheddingstat.go:61
2022-09-02T03:07:04.694+08:00	[32;1m stat [0m	(sysuser.rpc) - qps: 0.1/s, drops: 0, avg time: 23.8ms, med: 8.4ms, 90th: 85.9ms, 99th: 85.9ms, 99.9th: 85.9ms	caller=stat/metrics.go:210
2022-09-02T03:07:29.203+08:00	[32;1m stat [0m	CPU: 0m, MEMORY: Alloc=5.1Mi, TotalAlloc=9.3Mi, Sys=20.4Mi, NumGC=4	caller=stat/usage.go:61
2022-09-02T03:07:29.214+08:00	[32;1m stat [0m	(rpc) shedding_stat [1m], cpu: 0, total: 2, pass: 2, drop: 0	caller=load/sheddingstat.go:61
{"@timestamp":"2022-09-02T03:33:01.968+08:00","caller":"stat/usage.go:61","content":"CPU: 0m, MEMORY: Alloc=4.2Mi, TotalAlloc=8.1Mi, Sys=20.1Mi, NumGC=4","level":"stat"}
{"@timestamp":"2022-09-02T03:33:01.980+08:00","caller":"load/sheddingstat.go:61","content":"(rpc) shedding_stat [1m], cpu: 0, total: 0, pass: 0, drop: 0","level":"stat"}
{"@timestamp":"2022-09-02T03:34:01.973+08:00","caller":"stat/usage.go:61","content":"CPU: 0m, MEMORY: Alloc=4.3Mi, TotalAlloc=8.3Mi, Sys=20.1Mi, NumGC=4","level":"stat"}
{"@timestamp":"2022-09-02T03:34:01.980+08:00","caller":"load/sheddingstat.go:61","content":"(rpc) shedding_stat [1m], cpu: 0, total: 0, pass: 0, drop: 0","level":"stat"}
{"@timestamp":"2022-09-02T03:35:01.968+08:00","caller":"stat/usage.go:61","content":"CPU: 0m, MEMORY: Alloc=4.1Mi, TotalAlloc=8.4Mi, Sys=20.1Mi, NumGC=5","level":"stat"}
{"@timestamp":"2022-09-02T03:35:01.980+08:00","caller":"load/sheddingstat.go:61","content":"(rpc) shedding_stat [1m], cpu: 0, total: 0, pass: 0, drop: 0","level":"stat"}
{"@timestamp":"2022-09-02T03:36:01.971+08:00","caller":"stat/usage.go:61","content":"CPU: 0m, MEMORY: Alloc=4.1Mi, TotalAlloc=8.4Mi, Sys=20.1Mi, NumGC=5","level":"stat"}
{"@timestamp":"2022-09-02T03:36:01.980+08:00","caller":"load/sheddingstat.go:61","content":"(rpc) shedding_stat [1m], cpu: 0, total: 0, pass: 0, drop: 0","level":"stat"}
{"@timestamp":"2022-09-02T03:37:01.967+08:00","caller":"stat/usage.go:61","content":"CPU: 0m, MEMORY: Alloc=4.1Mi, TotalAlloc=8.5Mi, Sys=20.1Mi, NumGC=6","level":"stat"}
{"@timestamp":"2022-09-02T03:37:01.980+08:00","caller":"load/sheddingstat.go:61","content":"(rpc) shedding_stat [1m], cpu: 0, total: 0, pass: 0, drop: 0","level":"stat"}
{"@timestamp":"2022-09-02T03:38:01.968+08:00","caller":"stat/usage.go:61","content":"CPU: 0m, MEMORY: Alloc=4.1Mi, TotalAlloc=8.6Mi, Sys=20.1Mi, NumGC=6","level":"stat"}
{"@timestamp":"2022-09-02T03:38:01.980+08:00","caller":"load/sheddingstat.go:61","content":"(rpc) shedding_stat [1m], cpu: 0, total: 0, pass: 0, drop: 0","level":"stat"}
{"@timestamp":"2022-09-02T03:39:01.966+08:00","caller":"stat/usage.go:61","content":"CPU: 0m, MEMORY: Alloc=4.1Mi, TotalAlloc=8.6Mi, Sys=20.1Mi, NumGC=7","level":"stat"}
{"@timestamp":"2022-09-02T03:39:01.979+08:00","caller":"load/sheddingstat.go:61","content":"(rpc) shedding_stat [1m], cpu: 0, total: 0, pass: 0, drop: 0","level":"stat"}
{"@timestamp":"2022-09-02T03:40:01.966+08:00","caller":"stat/usage.go:61","content":"CPU: 0m, MEMORY: Alloc=4.1Mi, TotalAlloc=8.7Mi, Sys=20.1Mi, NumGC=7","level":"stat"}
{"@timestamp":"2022-09-02T03:40:01.979+08:00","caller":"load/sheddingstat.go:61","content":"(rpc) shedding_stat [1m], cpu: 0, total: 0, pass: 0, drop: 0","level":"stat"}
{"@timestamp":"2022-09-02T03:41:01.967+08:00","caller":"stat/usage.go:61","content":"CPU: 0m, MEMORY: Alloc=4.1Mi, TotalAlloc=8.8Mi, Sys=20.1Mi, NumGC=8","level":"stat"}
{"@timestamp":"2022-09-02T03:41:01.979+08:00","caller":"load/sheddingstat.go:61","content":"(rpc) shedding_stat [1m], cpu: 0, total: 0, pass: 0, drop: 0","level":"stat"}
{"@timestamp":"2022-09-02T03:42:01.967+08:00","caller":"stat/usage.go:61","content":"CPU: 0m, MEMORY: Alloc=4.1Mi, TotalAlloc=8.8Mi, Sys=20.1Mi, NumGC=8","level":"stat"}
{"@timestamp":"2022-09-02T03:42:01.979+08:00","caller":"load/sheddingstat.go:61","content":"(rpc) shedding_stat [1m], cpu: 0, total: 0, pass: 0, drop: 0","level":"stat"}
{"@timestamp":"2022-09-02T03:43:01.966+08:00","caller":"stat/usage.go:61","content":"CPU: 0m, MEMORY: Alloc=4.1Mi, TotalAlloc=8.9Mi, Sys=20.1Mi, NumGC=9","level":"stat"}
{"@timestamp":"2022-09-02T03:43:01.979+08:00","caller":"load/sheddingstat.go:61","content":"(rpc) shedding_stat [1m], cpu: 0, total: 0, pass: 0, drop: 0","level":"stat"}
{"@timestamp":"2022-09-02T03:44:01.961+08:00","caller":"stat/usage.go:61","content":"CPU: 0m, MEMORY: Alloc=4.1Mi, TotalAlloc=9.0Mi, Sys=20.1Mi, NumGC=9","level":"stat"}
{"@timestamp":"2022-09-02T03:44:01.970+08:00","caller":"load/sheddingstat.go:61","content":"(rpc) shedding_stat [1m], cpu: 0, total: 0, pass: 0, drop: 0","level":"stat"}
{"@timestamp":"2022-09-02T03:45:01.949+08:00","caller":"stat/usage.go:61","content":"CPU: 0m, MEMORY: Alloc=4.0Mi, TotalAlloc=9.0Mi, Sys=20.1Mi, NumGC=10","level":"stat"}
{"@timestamp":"2022-09-02T03:45:01.962+08:00","caller":"load/sheddingstat.go:61","content":"(rpc) shedding_stat [1m], cpu: 0, total: 0, pass: 0, drop: 0","level":"stat"}
{"@timestamp":"2022-09-02T03:46:01.950+08:00","caller":"stat/usage.go:61","content":"CPU: 0m, MEMORY: Alloc=4.1Mi, TotalAlloc=9.1Mi, Sys=20.1Mi, NumGC=10","level":"stat"}
{"@timestamp":"2022-09-02T03:46:01.961+08:00","caller":"load/sheddingstat.go:61","content":"(rpc) shedding_stat [1m], cpu: 0, total: 0, pass: 0, drop: 0","level":"stat"}
{"@timestamp":"2022-09-02T03:47:01.948+08:00","caller":"stat/usage.go:61","content":"CPU: 0m, MEMORY: Alloc=4.1Mi, TotalAlloc=9.2Mi, Sys=20.1Mi, NumGC=11","level":"stat"}
{"@timestamp":"2022-09-02T03:47:01.961+08:00","caller":"load/sheddingstat.go:61","content":"(rpc) shedding_stat [1m], cpu: 0, total: 0, pass: 0, drop: 0","level":"stat"}
{"@timestamp":"2022-09-02T03:48:01.948+08:00","caller":"stat/usage.go:61","content":"CPU: 0m, MEMORY: Alloc=4.1Mi, TotalAlloc=9.2Mi, Sys=20.1Mi, NumGC=11","level":"stat"}
{"@timestamp":"2022-09-02T03:48:01.961+08:00","caller":"load/sheddingstat.go:61","content":"(rpc) shedding_stat [1m], cpu: 0, total: 0, pass: 0, drop: 0","level":"stat"}
{"@timestamp":"2022-09-02T03:49:01.948+08:00","caller":"stat/usage.go:61","content":"CPU: 0m, MEMORY: Alloc=4.1Mi, TotalAlloc=9.3Mi, Sys=20.1Mi, NumGC=12","level":"stat"}
{"@timestamp":"2022-09-02T03:49:01.960+08:00","caller":"load/sheddingstat.go:61","content":"(rpc) shedding_stat [1m], cpu: 0, total: 0, pass: 0, drop: 0","level":"stat"}
{"@timestamp":"2022-09-02T03:50:01.950+08:00","caller":"stat/usage.go:61","content":"CPU: 0m, MEMORY: Alloc=4.1Mi, TotalAlloc=9.4Mi, Sys=20.1Mi, NumGC=12","level":"stat"}
{"@timestamp":"2022-09-02T03:50:01.960+08:00","caller":"load/sheddingstat.go:61","content":"(rpc) shedding_stat [1m], cpu: 0, total: 0, pass: 0, drop: 0","level":"stat"}
{"@timestamp":"2022-09-02T03:51:01.948+08:00","caller":"stat/usage.go:61","content":"CPU: 0m, MEMORY: Alloc=4.1Mi, TotalAlloc=9.4Mi, Sys=20.1Mi, NumGC=13","level":"stat"}
{"@timestamp":"2022-09-02T03:51:01.960+08:00","caller":"load/sheddingstat.go:61","content":"(rpc) shedding_stat [1m], cpu: 0, total: 0, pass: 0, drop: 0","level":"stat"}
{"@timestamp":"2022-09-02T03:52:01.946+08:00","caller":"stat/usage.go:61","content":"CPU: 0m, MEMORY: Alloc=4.1Mi, TotalAlloc=9.5Mi, Sys=20.1Mi, NumGC=13","level":"stat"}
{"@timestamp":"2022-09-02T03:52:01.960+08:00","caller":"load/sheddingstat.go:61","content":"(rpc) shedding_stat [1m], cpu: 0, total: 0, pass: 0, drop: 0","level":"stat"}
{"@timestamp":"2022-09-02T03:53:01.949+08:00","caller":"stat/usage.go:61","content":"CPU: 0m, MEMORY: Alloc=4.1Mi, TotalAlloc=9.6Mi, Sys=20.1Mi, NumGC=14","level":"stat"}
{"@timestamp":"2022-09-02T03:53:01.960+08:00","caller":"load/sheddingstat.go:61","content":"(rpc) shedding_stat [1m], cpu: 0, total: 0, pass: 0, drop: 0","level":"stat"}
{"@timestamp":"2022-09-02T03:54:01.947+08:00","caller":"stat/usage.go:61","content":"CPU: 0m, MEMORY: Alloc=4.1Mi, TotalAlloc=9.6Mi, Sys=20.1Mi, NumGC=14","level":"stat"}
{"@timestamp":"2022-09-02T03:54:01.959+08:00","caller":"load/sheddingstat.go:61","content":"(rpc) shedding_stat [1m], cpu: 0, total: 0, pass: 0, drop: 0","level":"stat"}
{"@timestamp":"2022-09-02T03:55:01.947+08:00","caller":"stat/usage.go:61","content":"CPU: 0m, MEMORY: Alloc=4.1Mi, TotalAlloc=9.7Mi, Sys=20.1Mi, NumGC=15","level":"stat"}
{"@timestamp":"2022-09-02T03:55:01.961+08:00","caller":"load/sheddingstat.go:61","content":"(rpc) shedding_stat [1m], cpu: 0, total: 0, pass: 0, drop: 0","level":"stat"}
{"@timestamp":"2022-09-02T03:56:01.951+08:00","caller":"stat/usage.go:61","content":"CPU: 0m, MEMORY: Alloc=4.1Mi, TotalAlloc=9.8Mi, Sys=20.1Mi, NumGC=15","level":"stat"}
{"@timestamp":"2022-09-02T03:56:01.959+08:00","caller":"load/sheddingstat.go:61","content":"(rpc) shedding_stat [1m], cpu: 0, total: 0, pass: 0, drop: 0","level":"stat"}
{"@timestamp":"2022-09-02T03:57:01.945+08:00","caller":"stat/usage.go:61","content":"CPU: 0m, MEMORY: Alloc=4.1Mi, TotalAlloc=9.8Mi, Sys=20.1Mi, NumGC=16","level":"stat"}
{"@timestamp":"2022-09-02T03:57:01.958+08:00","caller":"load/sheddingstat.go:61","content":"(rpc) shedding_stat [1m], cpu: 0, total: 0, pass: 0, drop: 0","level":"stat"}
{"@timestamp":"2022-09-02T03:58:01.946+08:00","caller":"stat/usage.go:61","content":"CPU: 0m, MEMORY: Alloc=4.1Mi, TotalAlloc=9.9Mi, Sys=20.1Mi, NumGC=16","level":"stat"}
{"@timestamp":"2022-09-02T03:58:01.958+08:00","caller":"load/sheddingstat.go:61","content":"(rpc) shedding_stat [1m], cpu: 0, total: 0, pass: 0, drop: 0","level":"stat"}
{"@timestamp":"2022-09-02T03:59:01.949+08:00","caller":"stat/usage.go:61","content":"CPU: 0m, MEMORY: Alloc=4.1Mi, TotalAlloc=10.0Mi, Sys=20.1Mi, NumGC=17","level":"stat"}
{"@timestamp":"2022-09-02T03:59:01.963+08:00","caller":"load/sheddingstat.go:61","content":"(rpc) shedding_stat [1m], cpu: 0, total: 0, pass: 0, drop: 0","level":"stat"}
{"@timestamp":"2022-09-02T04:00:01.957+08:00","caller":"stat/usage.go:61","content":"CPU: 0m, MEMORY: Alloc=4.1Mi, TotalAlloc=10.0Mi, Sys=20.1Mi, NumGC=17","level":"stat"}
{"@timestamp":"2022-09-02T04:00:01.968+08:00","caller":"load/sheddingstat.go:61","content":"(rpc) shedding_stat [1m], cpu: 0, total: 0, pass: 0, drop: 0","level":"stat"}
{"@timestamp":"2022-09-02T04:01:01.957+08:00","caller":"stat/usage.go:61","content":"CPU: 0m, MEMORY: Alloc=4.1Mi, TotalAlloc=10.1Mi, Sys=20.1Mi, NumGC=18","level":"stat"}
{"@timestamp":"2022-09-02T04:01:01.968+08:00","caller":"load/sheddingstat.go:61","content":"(rpc) shedding_stat [1m], cpu: 0, total: 0, pass: 0, drop: 0","level":"stat"}
{"@timestamp":"2022-09-02T04:02:01.955+08:00","caller":"stat/usage.go:61","content":"CPU: 0m, MEMORY: Alloc=4.2Mi, TotalAlloc=10.3Mi, Sys=20.1Mi, NumGC=18","level":"stat"}
{"@timestamp":"2022-09-02T04:02:01.968+08:00","caller":"load/sheddingstat.go:61","content":"(rpc) shedding_stat [1m], cpu: 0, total: 0, pass: 0, drop: 0","level":"stat"}
{"@timestamp":"2022-09-02T04:03:01.957+08:00","caller":"stat/usage.go:61","content":"CPU: 0m, MEMORY: Alloc=4.2Mi, TotalAlloc=10.4Mi, Sys=20.1Mi, NumGC=19","level":"stat"}
{"@timestamp":"2022-09-02T04:03:01.968+08:00","caller":"load/sheddingstat.go:61","content":"(rpc) shedding_stat [1m], cpu: 0, total: 0, pass: 0, drop: 0","level":"stat"}
{"@timestamp":"2022-09-02T04:04:01.958+08:00","caller":"stat/usage.go:61","content":"CPU: 0m, MEMORY: Alloc=4.2Mi, TotalAlloc=10.5Mi, Sys=20.1Mi, NumGC=19","level":"stat"}
{"@timestamp":"2022-09-02T04:04:01.968+08:00","caller":"load/sheddingstat.go:61","content":"(rpc) shedding_stat [1m], cpu: 0, total: 0, pass: 0, drop: 0","level":"stat"}
{"@timestamp":"2022-09-02T04:05:01.963+08:00","caller":"stat/usage.go:61","content":"CPU: 0m, MEMORY: Alloc=4.2Mi, TotalAlloc=10.6Mi, Sys=20.1Mi, NumGC=20","level":"stat"}
{"@timestamp":"2022-09-02T04:05:01.967+08:00","caller":"load/sheddingstat.go:61","content":"(rpc) shedding_stat [1m], cpu: 0, total: 0, pass: 0, drop: 0","level":"stat"}
{"@timestamp":"2022-09-02T04:06:01.955+08:00","caller":"stat/usage.go:61","content":"CPU: 0m, MEMORY: Alloc=4.3Mi, TotalAlloc=10.7Mi, Sys=20.1Mi, NumGC=20","level":"stat"}
{"@timestamp":"2022-09-02T04:06:01.967+08:00","caller":"load/sheddingstat.go:61","content":"(rpc) shedding_stat [1m], cpu: 0, total: 0, pass: 0, drop: 0","level":"stat"}
{"@timestamp":"2022-09-02T04:07:01.955+08:00","caller":"stat/usage.go:61","content":"CPU: 0m, MEMORY: Alloc=4.2Mi, TotalAlloc=10.8Mi, Sys=20.1Mi, NumGC=21","level":"stat"}
{"@timestamp":"2022-09-02T04:07:01.967+08:00","caller":"load/sheddingstat.go:61","content":"(rpc) shedding_stat [1m], cpu: 0, total: 0, pass: 0, drop: 0","level":"stat"}
{"@timestamp":"2022-09-02T04:08:01.953+08:00","caller":"stat/usage.go:61","content":"CPU: 0m, MEMORY: Alloc=4.2Mi, TotalAlloc=10.9Mi, Sys=20.1Mi, NumGC=21","level":"stat"}
{"@timestamp":"2022-09-02T04:08:01.967+08:00","caller":"load/sheddingstat.go:61","content":"(rpc) shedding_stat [1m], cpu: 0, total: 0, pass: 0, drop: 0","level":"stat"}
{"@timestamp":"2022-09-02T04:09:01.954+08:00","caller":"stat/usage.go:61","content":"CPU: 0m, MEMORY: Alloc=4.2Mi, TotalAlloc=10.9Mi, Sys=20.1Mi, NumGC=22","level":"stat"}
{"@timestamp":"2022-09-02T04:09:01.967+08:00","caller":"load/sheddingstat.go:61","content":"(rpc) shedding_stat [1m], cpu: 0, total: 0, pass: 0, drop: 0","level":"stat"}
{"@timestamp":"2022-09-02T04:10:01.953+08:00","caller":"stat/usage.go:61","content":"CPU: 0m, MEMORY: Alloc=4.2Mi, TotalAlloc=11.0Mi, Sys=20.1Mi, NumGC=22","level":"stat"}
{"@timestamp":"2022-09-02T04:10:01.966+08:00","caller":"load/sheddingstat.go:61","content":"(rpc) shedding_stat [1m], cpu: 0, total: 0, pass: 0, drop: 0","level":"stat"}
{"@timestamp":"2022-09-02T04:11:01.956+08:00","caller":"stat/usage.go:61","content":"CPU: 0m, MEMORY: Alloc=4.3Mi, TotalAlloc=11.2Mi, Sys=20.1Mi, NumGC=23","level":"stat"}
{"@timestamp":"2022-09-02T04:11:01.966+08:00","caller":"load/sheddingstat.go:61","content":"(rpc) shedding_stat [1m], cpu: 0, total: 0, pass: 0, drop: 0","level":"stat"}
{"@timestamp":"2022-09-02T04:12:01.956+08:00","caller":"stat/usage.go:61","content":"CPU: 0m, MEMORY: Alloc=4.3Mi, TotalAlloc=11.2Mi, Sys=20.1Mi, NumGC=23","level":"stat"}
{"@timestamp":"2022-09-02T04:12:01.967+08:00","caller":"load/sheddingstat.go:61","content":"(rpc) shedding_stat [1m], cpu: 0, total: 0, pass: 0, drop: 0","level":"stat"}
{"@timestamp":"2022-09-02T04:13:01.953+08:00","caller":"stat/usage.go:61","content":"CPU: 0m, MEMORY: Alloc=4.2Mi, TotalAlloc=11.3Mi, Sys=20.1Mi, NumGC=24","level":"stat"}
{"@timestamp":"2022-09-02T04:13:01.966+08:00","caller":"load/sheddingstat.go:61","content":"(rpc) shedding_stat [1m], cpu: 0, total: 0, pass: 0, drop: 0","level":"stat"}
{"@timestamp":"2022-09-02T04:14:01.957+08:00","caller":"stat/usage.go:61","content":"CPU: 0m, MEMORY: Alloc=4.2Mi, TotalAlloc=11.4Mi, Sys=20.1Mi, NumGC=24","level":"stat"}
{"@timestamp":"2022-09-02T04:14:01.969+08:00","caller":"load/sheddingstat.go:61","content":"(rpc) shedding_stat [1m], cpu: 0, total: 0, pass: 0, drop: 0","level":"stat"}
{"@timestamp":"2022-09-02T04:15:01.962+08:00","caller":"stat/usage.go:61","content":"CPU: 0m, MEMORY: Alloc=4.2Mi, TotalAlloc=11.5Mi, Sys=20.1Mi, NumGC=25","level":"stat"}
{"@timestamp":"2022-09-02T04:15:01.976+08:00","caller":"load/sheddingstat.go:61","content":"(rpc) shedding_stat [1m], cpu: 0, total: 0, pass: 0, drop: 0","level":"stat"}
{"@timestamp":"2022-09-02T04:16:01.964+08:00","caller":"stat/usage.go:61","content":"CPU: 0m, MEMORY: Alloc=4.4Mi, TotalAlloc=11.8Mi, Sys=20.1Mi, NumGC=25","level":"stat"}
{"@timestamp":"2022-09-02T04:16:01.976+08:00","caller":"load/sheddingstat.go:61","content":"(rpc) shedding_stat [1m], cpu: 0, total: 1, pass: 1, drop: 0","level":"stat"}
{"@timestamp":"2022-09-02T04:16:31.011+08:00","caller":"stat/metrics.go:210","content":"(sysuser.rpc) - qps: 0.0/s, drops: 0, avg time: 142.0ms, med: 142.7ms, 90th: 142.7ms, 99th: 142.7ms, 99.9th: 142.7ms","level":"stat"}
{"@timestamp":"2022-09-02T04:18:17.950+08:00","caller":"stat/usage.go:61","content":"CPU: 0m, MEMORY: Alloc=4.3Mi, TotalAlloc=8.3Mi, Sys=20.4Mi, NumGC=4","level":"stat"}
{"@timestamp":"2022-09-02T04:18:17.962+08:00","caller":"load/sheddingstat.go:61","content":"(rpc) shedding_stat [1m], cpu: 0, total: 0, pass: 0, drop: 0","level":"stat"}
{"@timestamp":"2022-09-02T04:19:17.953+08:00","caller":"stat/usage.go:61","content":"CPU: 0m, MEMORY: Alloc=4.5Mi, TotalAlloc=8.4Mi, Sys=20.4Mi, NumGC=4","level":"stat"}
{"@timestamp":"2022-09-02T04:19:17.962+08:00","caller":"load/sheddingstat.go:61","content":"(rpc) shedding_stat [1m], cpu: 0, total: 0, pass: 0, drop: 0","level":"stat"}
{"@timestamp":"2022-09-02T04:20:17.949+08:00","caller":"stat/usage.go:61","content":"CPU: 0m, MEMORY: Alloc=4.3Mi, TotalAlloc=8.6Mi, Sys=20.4Mi, NumGC=5","level":"stat"}
{"@timestamp":"2022-09-02T04:20:17.962+08:00","caller":"load/sheddingstat.go:61","content":"(rpc) shedding_stat [1m], cpu: 0, total: 1, pass: 1, drop: 0","level":"stat"}
{"@timestamp":"2022-09-02T04:21:03.274+08:00","caller":"stat/metrics.go:210","content":"(sysuser.rpc) - qps: 0.0/s, drops: 0, avg time: 62.0ms, med: 62.5ms, 90th: 62.5ms, 99th: 62.5ms, 99.9th: 62.5ms","level":"stat"}
{"@timestamp":"2022-09-02T04:21:17.950+08:00","caller":"stat/usage.go:61","content":"CPU: 0m, MEMORY: Alloc=4.4Mi, TotalAlloc=8.7Mi, Sys=20.4Mi, NumGC=5","level":"stat"}
{"@timestamp":"2022-09-02T04:21:17.962+08:00","caller":"load/sheddingstat.go:61","content":"(rpc) shedding_stat [1m], cpu: 0, total: 0, pass: 0, drop: 0","level":"stat"}
{"@timestamp":"2022-09-02T04:24:12.362+08:00","caller":"stat/usage.go:61","content":"CPU: 0m, MEMORY: Alloc=4.4Mi, TotalAlloc=8.4Mi, Sys=20.6Mi, NumGC=4","level":"stat"}
{"@timestamp":"2022-09-02T04:24:12.372+08:00","caller":"load/sheddingstat.go:61","content":"(rpc) shedding_stat [1m], cpu: 0, total: 1, pass: 1, drop: 0","level":"stat"}
{"@timestamp":"2022-09-02T04:24:15.254+08:00","caller":"stat/metrics.go:210","content":"(sysuser.rpc) - qps: 0.0/s, drops: 0, avg time: 51.0ms, med: 51.7ms, 90th: 51.7ms, 99th: 51.7ms, 99.9th: 51.7ms","level":"stat"}
{"@timestamp":"2022-09-02T04:25:12.359+08:00","caller":"stat/usage.go:61","content":"CPU: 0m, MEMORY: Alloc=5.3Mi, TotalAlloc=9.3Mi, Sys=20.6Mi, NumGC=4","level":"stat"}
{"@timestamp":"2022-09-02T04:25:12.371+08:00","caller":"load/sheddingstat.go:61","content":"(rpc) shedding_stat [1m], cpu: 0, total: 1, pass: 1, drop: 0","level":"stat"}
{"@timestamp":"2022-09-02T04:25:15.254+08:00","caller":"stat/metrics.go:210","content":"(sysuser.rpc) - qps: 0.0/s, drops: 0, avg time: 15.0ms, med: 15.2ms, 90th: 15.2ms, 99th: 15.2ms, 99.9th: 15.2ms","level":"stat"}
{"@timestamp":"2022-09-02T04:26:12.359+08:00","caller":"stat/usage.go:61","content":"CPU: 0m, MEMORY: Alloc=4.8Mi, TotalAlloc=9.5Mi, Sys=20.6Mi, NumGC=5","level":"stat"}
{"@timestamp":"2022-09-02T04:26:12.371+08:00","caller":"load/sheddingstat.go:61","content":"(rpc) shedding_stat [1m], cpu: 0, total: 1, pass: 1, drop: 0","level":"stat"}
{"@timestamp":"2022-09-02T04:26:15.254+08:00","caller":"stat/metrics.go:210","content":"(sysuser.rpc) - qps: 0.0/s, drops: 0, avg time: 1.0ms, med: 1.2ms, 90th: 1.2ms, 99th: 1.2ms, 99.9th: 1.2ms","level":"stat"}
{"@timestamp":"2022-09-02T04:27:12.360+08:00","caller":"stat/usage.go:61","content":"CPU: 0m, MEMORY: Alloc=4.9Mi, TotalAlloc=9.5Mi, Sys=20.6Mi, NumGC=5","level":"stat"}
{"@timestamp":"2022-09-02T04:27:12.371+08:00","caller":"load/sheddingstat.go:61","content":"(rpc) shedding_stat [1m], cpu: 0, total: 0, pass: 0, drop: 0","level":"stat"}
{"@timestamp":"2022-09-02T04:27:15.255+08:00","caller":"stat/metrics.go:210","content":"(sysuser.rpc) - qps: 0.0/s, drops: 0, avg time: 0.0ms, med: 0.0ms, 90th: 0.0ms, 99th: 0.0ms, 99.9th: 0.0ms","level":"stat"}
{"@timestamp":"2022-09-02T04:28:12.360+08:00","caller":"stat/usage.go:61","content":"CPU: 0m, MEMORY: Alloc=4.8Mi, TotalAlloc=9.7Mi, Sys=20.6Mi, NumGC=6","level":"stat"}
{"@timestamp":"2022-09-02T04:28:12.371+08:00","caller":"load/sheddingstat.go:61","content":"(rpc) shedding_stat [1m], cpu: 0, total: 1, pass: 1, drop: 0","level":"stat"}
{"@timestamp":"2022-09-02T04:28:15.253+08:00","caller":"stat/metrics.go:210","content":"(sysuser.rpc) - qps: 0.0/s, drops: 0, avg time: 23.0ms, med: 23.5ms, 90th: 23.5ms, 99th: 23.5ms, 99.9th: 23.5ms","level":"stat"}
